#
# A fatal error has been detected by the Java Runtime Environment:
#
#  SIGBUS (0xa) at pc=0x00000001300014f0, pid=19451, tid=34571
#
# JRE version: Java(TM) SE Runtime Environment (17.0.1+12) (build 17.0.1+12-LTS-39)
# Java VM: Java HotSpot(TM) 64-Bit Server VM (17.0.1+12-LTS-39, mixed mode, sharing, tiered, compressed oops, compressed class ptrs, g1 gc, bsd-aarch64)
# Problematic frame:
# v  ~StubRoutines::SafeFetchN
#
# No core dump will be written. Core dumps have been disabled. To enable core dumping, try "ulimit -c unlimited" before starting Java again
#
# If you would like to submit a bug report, please visit:
#   https://bugreport.java.com/bugreport/crash.jsp
# The crash happened outside the Java Virtual Machine in native code.
# See problematic frame for where to report the bug.
#

---------------  S U M M A R Y ------------

Command Line: -javaagent:/Applications/IntelliJ IDEA.app/Contents/lib/idea_rt.jar=57174:/Applications/IntelliJ IDEA.app/Contents/bin -Dfile.encoding=UTF-8 --module-path=/Users/martin/.m2/repository/org/openjfx/javafx-fxml/17.0.1/javafx-fxml-17.0.1-mac-aarch64.jar:/Users/martin/IdeaProjects/JabberMessenger/target/classes:/Users/martin/.m2/repository/org/openjfx/javafx-base/17.0.1/javafx-base-17.0.1-mac-aarch64.jar:/Users/martin/.m2/repository/org/openjfx/javafx-graphics/17.0.1/javafx-graphics-17.0.1-mac-aarch64.jar:/Users/martin/.m2/repository/org/openjfx/javafx-controls/17.0.1/javafx-controls-17.0.1-mac-aarch64.jar -Djdk.module.main=com.jabbermessenger com.jabbermessenger/com.jabbermessenger.Main

Host: "MacBookPro18,3" arm64 1 MHz, 10 cores, 16G, Darwin 21.3.0, macOS 12.2.1 (21D62)
Time: Sat Feb 26 18:29:07 2022 GMT elapsed time: 1.613557 seconds (0d 0h 0m 1s)

---------------  T H R E A D  ---------------

Current thread (0x00000001210a1600):  JavaThread "InvokeLaterDispatcher" daemon [_thread_in_native, id=34571, stack(0x0000000172198000,0x000000017239b000)]

Stack: [0x0000000172198000,0x000000017239b000],  sp=0x000000017239a7b0,  free space=2057k
Native frames: (J=compiled Java code, j=interpreted, Vv=VM code, C=native code)
v  ~StubRoutines::SafeFetchN
V  [libjvm.dylib+0x79e208]  _ZN10OopStorage7releaseEPKP7oopDesc+0x20
V  [libjvm.dylib+0x4b8f30]  jni_DeleteGlobalRef+0xc4
C  [libglass.dylib+0xab08]  -[GlassRunnable dealloc]+0x34
C  [Foundation+0x84c7c]  -[_NSThreadPerformInfo dealloc]+0x30
C  [Foundation+0x51578]  -[NSObject(NSThreadPerformAdditions) performSelectorOnMainThread:withObject:waitUntilDone:]+0x88
C  0x71750001300098ac
j  com.sun.glass.ui.mac.MacApplication.submitForLaterInvocation(Ljava/lang/Runnable;)V+2 javafx.graphics
j  com.sun.glass.ui.InvokeLaterDispatcher.run()V+82 javafx.graphics
v  ~StubRoutines::call_stub
V  [libjvm.dylib+0x460588]  _ZN9JavaCalls11call_helperEP9JavaValueRK12methodHandleP17JavaCallArgumentsP10JavaThread+0x38c
V  [libjvm.dylib+0x45f5a4]  _ZN9JavaCalls12call_virtualEP9JavaValueP5KlassP6SymbolS5_P17JavaCallArgumentsP10JavaThread+0x11c
V  [libjvm.dylib+0x45f670]  _ZN9JavaCalls12call_virtualEP9JavaValue6HandleP5KlassP6SymbolS6_P10JavaThread+0x64
V  [libjvm.dylib+0x512ef0]  _ZL12thread_entryP10JavaThreadS0_+0xc4
V  [libjvm.dylib+0x8fc514]  _ZN10JavaThread17thread_main_innerEv+0x134
V  [libjvm.dylib+0x8fae3c]  _ZN6Thread8call_runEv+0x128
V  [libjvm.dylib+0x7a4df0]  _ZL19thread_native_entryP6Thread+0x158
C  [libsystem_pthread.dylib+0x7240]  _pthread_start+0x94

Java frames: (J=compiled Java code, j=interpreted, Vv=VM code)
j  com.sun.glass.ui.mac.MacApplication._submitForLaterInvocation(Ljava/lang/Runnable;)V+0 javafx.graphics
j  com.sun.glass.ui.mac.MacApplication.submitForLaterInvocation(Ljava/lang/Runnable;)V+2 javafx.graphics
j  com.sun.glass.ui.InvokeLaterDispatcher.run()V+82 javafx.graphics
v  ~StubRoutines::call_stub

siginfo: si_signo: 10 (SIGBUS), si_code: 1 (BUS_ADRALN), si_addr: 0x00000001300014f0

Register to memory mapping:

 x0=0x000000011ff057c8 is a global jni handle
 x1=0x0 is NULL
 x2=0x000000070e2be250 is an oop: com.sun.glass.ui.InvokeLaterDispatcher$Future 
{0x000000070e2be250} - klass: 'com/sun/glass/ui/InvokeLaterDispatcher$Future'
 - ---- fields (total size 3 words):
 - private 'done' 'Z' @12  true
 - private final 'runnable' 'Ljava/lang/Runnable;' @16  a 'com/sun/javafx/tk/quantum/QuantumToolkit$$Lambda$85+0x0000000800c397a0'{0x000000070e938cc8} (e1d27199)
 - final synthetic 'this$0' 'Lcom/sun/glass/ui/InvokeLaterDispatcher;' @20  a 'com/sun/glass/ui/InvokeLaterDispatcher'{0x000000070e830170} (e1d0602e)
 x3=0x0 is NULL
 x4=0x00000000000130a8 is an unknown value
 x5=0x0 is NULL
 x6=0x0 is NULL
 x7=0x0 is NULL
 x8=0x00000001300014ec is at begin+0 in a stub
StubRoutines::SafeFetchN [0x00000001300014ec, 0x00000001300014f8] (12 bytes)
 x9=0x0 is NULL
x10=0x2010000030300000 is an unknown value
x11=0x0000000000000007 is an unknown value
x12=0x0000000000000007 is an unknown value
x13=0x0000600003f582e0 points into unknown readable memory: 0xc6318001af599738 | 38 97 59 af 01 80 31 c6
x14=0x0000000000000001 is an unknown value
x15=0x000000010ff45f98: OBJC_CLASS_$_GlassRunnable+0 in /Users/martin/.openjfx/cache/17.0.1/libglass.dylib at 0x000000010ff00000
x16=0x00000001ae608094: pthread_getspecific+0 in /usr/lib/system/libsystem_pthread.dylib at 0x00000001ae606000
x17=0x0000600003565020 points into unknown readable memory: 0xfffffffffffffffe | fe ff ff ff ff ff ff ff
x18=0x0 is NULL
x19=0x0000600003a75810 points into unknown readable memory: 0x0000600001371960 | 60 19 37 01 00 60 00 00
x20=0x000000011ff055c0 points into unknown readable memory: 0x0000000000000020 | 20 00 00 00 00 00 00 00
x21=0x000000011ff057c8 is a global jni handle
x22=0x00000001210a1600 is a thread
x23=0x0000000000000001 is an unknown value
x24=0x000000011ff05780 is a global jni handle
x25=0x00000001027015d8: _ZN12StubRoutines17_safefetchN_entryE+0 in /Library/Java/JavaVirtualMachines/jdk-17.0.1.jdk/Contents/Home/lib/server/libjvm.dylib at 0x0000000101b70000
x26=0x000000010f9183d8 is pointing into metadata
x27=0x0 is NULL
x28=0x00000001210a1600 is a thread


Registers:
 x0=0x000000011ff057c8  x1=0x0000000000000000  x2=0x000000070e2be250  x3=0x0000000000000000
 x4=0x00000000000130a8  x5=0x0000000000000000  x6=0x0000000000000000  x7=0x0000000000000000
 x8=0x00000001300014ec  x9=0x0000000000000000 x10=0x2010000030300000 x11=0x0000000000000007
x12=0x0000000000000007 x13=0x0000600003f582e0 x14=0x0000000000000001 x15=0x000000010ff45f98
x16=0x00000001ae608094 x17=0x0000600003565020 x18=0x0000000000000000 x19=0x0000600003a75810
x20=0x000000011ff055c0 x21=0x000000011ff057c8 x22=0x00000001210a1600 x23=0x0000000000000001
x24=0x000000011ff05780 x25=0x00000001027015d8 x26=0x000000010f9183d8 x27=0x0000000000000000
x28=0x00000001210a1600  fp=0x000000017239a7f0  lr=0x000000010230cfd8  sp=0x000000017239a7b0
pc=0x00000001300014f0 cpsr=0x0000000060001000
Top of Stack: (sp=0x000000017239a7b0)
0x000000017239a7b0:   000000010f9183d8 0000000000000001
0x000000017239a7c0:   000000017239a9a8 0000600001350060
0x000000017239a7d0:   0000000000000000 000000011ff057b0
0x000000017239a7e0:   000000011ff057b0 0000600003a75810
0x000000017239a7f0:   000000017239a830 000000010230e208
0x000000017239a800:   0000000000000001 000000011ff057b0
0x000000017239a810:   0000000000000000 000000011ff057b0
0x000000017239a820:   0000000000000001 00000001210aa000
0x000000017239a830:   000000017239a860 0000000102028f30
0x000000017239a840:   0000600001350030 00000001f8b829e3
0x000000017239a850:   0000000000000000 0000600001350030
0x000000017239a860:   000000017239a890 000000010ff0ab08
0x000000017239a870:   57698e74a77c00fd 0000000000000000
0x000000017239a880:   0000000000000000 0000600000474880
0x000000017239a890:   000000017239a8d0 00000001af5ccc7c
0x000000017239a8a0:   000000017239a9a8 0000600001350060
0x000000017239a8b0:   0000600001350030 57698e74a77c00fd
0x000000017239a8c0:   0000000000000000 0000000000000000
0x000000017239a8d0:   000000017239a910 c71e8001af599578
0x000000017239a8e0:   000000017239a9a8 00000001300087c0
0x000000017239a8f0:   0000000000000000 0000000102708f90
0x000000017239a900:   000000017239a920 0000000130007730
0x000000017239a910:   000000017239a980 71750001300098ac
0x000000017239a920:   000000017239a920 0000000800986475
0x000000017239a930:   000000017239a930 0000000000000000
0x000000017239a940:   000000017239a9a8 000000010f9183d8
0x000000017239a950:   000000070e82ab10 0000000000000000
0x000000017239a960:   0000000000000000 000000010f8f7138
0x000000017239a970:   0000000000000000 000000017239a980
0x000000017239a980:   000000017239aa00 0000000130005fc8
0x000000017239a990:   0000000000000000 0000000000000000
0x000000017239a9a0:   000000070e2be250 000000070e82ab88 

Instructions: (pc=0x00000001300014f0)
0x00000001300013f0:   f2a04d89 f2c00029 6d425935 1e640886
0x0000000130001400:   0c402d31 1e6408c7 1f5654d0 1e6c1017
0x0000000130001410:   1f5050d0 1f504cd0 1f5048d0 1e650af6
0x0000000130001420:   1f50d8f6 1f5694d6 1f5158f6 1e762880
0x0000000130001430:   36000501 1e614000 14000026 2e251ca5
0x0000000130001440:   d29c3009 f2a04d89 f2c00029 6d425d36
0x0000000130001450:   1e600806 0c402d32 1f5758c7 1e6c101a
0x0000000130001460:   1f4754c7 1e650805 1f4750c7 d2866668
0x0000000130001470:   f2a7fa68 1f474cc7 1e6608c0 1f4748c7
0x0000000130001480:   1e6e1019 eb08007f 540000ac 1f479400
0x0000000130001490:   1f460340 1e603b20 1400000e d2a7fd29
0x00000001300014a0:   eb09007f 540000ac 51480069 d3607d29
0x00000001300014b0:   9e670121 14000002 1e6a5001 1f679417
0x00000001300014c0:   1f668742 1e613b23 1e773857 1e773860
0x00000001300014d0:   a8c17ff3 910003bf a8c17bfd d65f03c0
0x00000001300014e0:   b9400001 aa0103e0 d65f03c0 f9400001
0x00000001300014f0:   aa0103e0 d65f03c0 00000000 00000000
0x0000000130001500:   00000000 00000000 00000000 00000000
0x0000000130001510:   00000000 00000000 00000000 00000000
0x0000000130001520:   00000000 00000000 00000000 00000000
0x0000000130001530:   00000000 00000000 00000000 00000000
0x0000000130001540:   00000000 00000000 00000000 00000000
0x0000000130001550:   00000000 00000000 00000000 00000000
0x0000000130001560:   00000000 00000000 00000000 00000000
0x0000000130001570:   00000000 00000000 00000000 00000000
0x0000000130001580:   00000000 00000000 00000000 00000000
0x0000000130001590:   00000000 00000000 00000000 00000000
0x00000001300015a0:   00000000 00000000 00000000 00000000
0x00000001300015b0:   00000000 00000000 00000000 00000000
0x00000001300015c0:   00000000 00000000 00000000 00000000
0x00000001300015d0:   00000000 00000000 00000000 00000000
0x00000001300015e0:   00000000 00000000 00000000 00000000 


Stack slot to memory mapping:
stack at sp + 0 slots: 0x000000010f9183d8 is pointing into metadata
stack at sp + 1 slots: 0x0000000000000001 is an unknown value
stack at sp + 2 slots: 0x000000017239a9a8 is pointing into the stack for thread: 0x00000001210a1600
stack at sp + 3 slots: 0x0000600001350060 points into unknown readable memory: 0x01000002077160a1 | a1 60 71 07 02 00 00 01
stack at sp + 4 slots: 0x0 is NULL
stack at sp + 5 slots: 0x000000011ff057b0 is a global jni handle
stack at sp + 6 slots: 0x000000011ff057b0 is a global jni handle
stack at sp + 7 slots: 0x0000600003a75810 points into unknown readable memory: 0x0000600001371960 | 60 19 37 01 00 60 00 00

StubRoutines::SafeFetchN [0x00000001300014ec, 0x00000001300014f8] (12 bytes)
[MachCode]
  0x00000001300014ec: 0100 40f9 | e003 01aa | c003 5fd6 
[/MachCode]

---------------  P R O C E S S  ---------------

Threads class SMR info:
_java_thread_list=0x00006000011b99a0, length=20, elements={
0x000000012000d400, 0x000000011e008200, 0x000000011e80a400, 0x000000012080a400,
0x0000000120115e00, 0x000000011e00b400, 0x000000011e00ba00, 0x000000011e00c000,
0x000000011e014600, 0x000000012010ca00, 0x000000011f0f4c00, 0x000000011f0f5200,
0x0000000121012c00, 0x00000001210a1600, 0x00000001210aa000, 0x0000000120158200,
0x0000000123809600, 0x000000011f112600, 0x000000011e210a00, 0x000000011f117000
}

Java Threads: ( => current thread )
  0x000000012000d400 JavaThread "main" [_thread_blocked, id=9987, stack(0x000000016f584000,0x000000016f787000)]
  0x000000011e008200 JavaThread "Reference Handler" daemon [_thread_blocked, id=17411, stack(0x00000001703d8000,0x00000001705db000)]
  0x000000011e80a400 JavaThread "Finalizer" daemon [_thread_blocked, id=18691, stack(0x00000001705e4000,0x00000001707e7000)]
  0x000000012080a400 JavaThread "Signal Dispatcher" daemon [_thread_blocked, id=42243, stack(0x0000000170908000,0x0000000170b0b000)]
  0x0000000120115e00 JavaThread "Service Thread" daemon [_thread_blocked, id=41987, stack(0x0000000170b14000,0x0000000170d17000)]
  0x000000011e00b400 JavaThread "Monitor Deflation Thread" daemon [_thread_blocked, id=23299, stack(0x0000000170d20000,0x0000000170f23000)]
  0x000000011e00ba00 JavaThread "C2 CompilerThread0" daemon [_thread_blocked, id=23811, stack(0x0000000170f2c000,0x000000017112f000)]
  0x000000011e00c000 JavaThread "C1 CompilerThread0" daemon [_thread_blocked, id=24067, stack(0x0000000171138000,0x000000017133b000)]
  0x000000011e014600 JavaThread "Sweeper thread" daemon [_thread_blocked, id=24579, stack(0x0000000171344000,0x0000000171547000)]
  0x000000012010ca00 JavaThread "Common-Cleaner" daemon [_thread_blocked, id=41475, stack(0x0000000171550000,0x0000000171753000)]
  0x000000011f0f4c00 JavaThread "Monitor Ctrl-Break" daemon [_thread_in_native, id=25347, stack(0x0000000171968000,0x0000000171b6b000)]
  0x000000011f0f5200 JavaThread "Notification Thread" daemon [_thread_blocked, id=40707, stack(0x0000000171b74000,0x0000000171d77000)]
  0x0000000121012c00 JavaThread "QuantumRenderer-0" daemon [_thread_blocked, id=40451, stack(0x0000000171f8c000,0x000000017218f000)]
=>0x00000001210a1600 JavaThread "InvokeLaterDispatcher" daemon [_thread_in_native, id=34571, stack(0x0000000172198000,0x000000017239b000)]
  0x00000001210aa000 JavaThread "JavaFX Application Thread" [_thread_in_vm, id=259, stack(0x000000016ecfc000,0x000000016f4f8000)]
  0x0000000120158200 JavaThread "PulseTimer-CVDisplayLink thread" daemon [_thread_in_native, id=40971, stack(0x000000017175c000,0x00000001717df000)]
  0x0000000123809600 JavaThread "JavaFX-Launcher" [_thread_blocked, id=51987, stack(0x0000000172430000,0x0000000172633000)]
  0x000000011f112600 JavaThread "Prism Font Disposer" daemon [_thread_blocked, id=58119, stack(0x0000000177b4c000,0x0000000177d4f000)]
  0x000000011e210a00 JavaThread "Cleaner-0" daemon [_thread_blocked, id=56399, stack(0x0000000177d58000,0x0000000177f5b000)]
  0x000000011f117000 JavaThread "Attach Listener" daemon [_thread_blocked, id=55815, stack(0x0000000173104000,0x0000000173307000)]

Other Threads:
  0x000000011fe0fa10 VMThread "VM Thread" [stack: 0x00000001701cc000,0x00000001703cf000] [id=16643]
  0x000000010f209470 WatcherThread [stack: 0x0000000171d80000,0x0000000171f83000] [id=26115]
  0x000000011fe08510 GCTaskThread "GC Thread#0" [stack: 0x000000016f790000,0x000000016f993000] [id=12803]
  0x000000010f21ca50 GCTaskThread "GC Thread#1" [stack: 0x00000001726c8000,0x00000001728cb000] [id=74755]
  0x000000010f21cd00 GCTaskThread "GC Thread#2" [stack: 0x00000001728d4000,0x0000000172ad7000] [id=74243]
  0x000000010f21d180 GCTaskThread "GC Thread#3" [stack: 0x0000000172ae0000,0x0000000172ce3000] [id=55299]
  0x000000010f21d600 GCTaskThread "GC Thread#4" [stack: 0x0000000172cec000,0x0000000172eef000] [id=73475]
  0x000000010f21da80 GCTaskThread "GC Thread#5" [stack: 0x0000000172ef8000,0x00000001730fb000] [id=72963]
  0x000000011fe08bc0 ConcurrentGCThread "G1 Main Marker" [stack: 0x000000016f99c000,0x000000016fb9f000] [id=19971]
  0x000000011fe09440 ConcurrentGCThread "G1 Conc#0" [stack: 0x000000016fba8000,0x000000016fdab000] [id=19715]
  0x000000011fe0b570 ConcurrentGCThread "G1 Refine#0" [stack: 0x000000016fdb4000,0x000000016ffb7000] [id=14083]
  0x000000011fe0be10 ConcurrentGCThread "G1 Service" [stack: 0x000000016ffc0000,0x00000001701c3000] [id=14339]

Threads with active compile tasks:

VM state: not at safepoint (normal execution)

VM Mutex/Monitor currently owned by a thread: None

Heap address: 0x0000000700000000, size: 4096 MB, Compressed Oops mode: Zero based, Oop shift amount: 3

CDS archive(s) mapped at: [0x0000000800000000-0x0000000800bd4000-0x0000000800bd4000), size 12402688, SharedBaseAddress: 0x0000000800000000, ArchiveRelocationMode: 0.
Compressed class space mapped at: 0x0000000800c00000-0x0000000840c00000, reserved size: 1073741824
Narrow klass base: 0x0000000800000000, Narrow klass shift: 0, Narrow klass range: 0x100000000

GC Precious Log:
 CPUs: 10 total, 10 available
 Memory: 16384M
 Large Page Support: Disabled
 NUMA Support: Disabled
 Compressed Oops: Enabled (Zero based)
 Heap Region Size: 2M
 Heap Min Capacity: 8M
 Heap Initial Capacity: 256M
 Heap Max Capacity: 4G
 Pre-touch: Disabled
 Parallel Workers: 9
 Concurrent Workers: 2
 Concurrent Refinement Workers: 9
 Periodic GC: Disabled

Heap:
 garbage-first heap   total 266240K, used 40192K [0x0000000700000000, 0x0000000800000000)
  region size 2048K, 19 young (38912K), 2 survivors (4096K)
 Metaspace       used 14350K, committed 14592K, reserved 1064960K
  class space    used 2130K, committed 2240K, reserved 1048576K

Heap Regions: E=young(eden), S=young(survivor), O=old, HS=humongous(starts), HC=humongous(continues), CS=collection set, F=free, OA=open archive, CA=closed archive, TAMS=top-at-mark-start (previous, next)
|   0|0x0000000700000000, 0x0000000700200000, 0x0000000700200000|100%|HS|  |TAMS 0x0000000700000000, 0x0000000700000000| Complete 
|   1|0x0000000700200000, 0x0000000700200000, 0x0000000700400000|  0%| F|  |TAMS 0x0000000700200000, 0x0000000700200000| Untracked 
|   2|0x0000000700400000, 0x0000000700400000, 0x0000000700600000|  0%| F|  |TAMS 0x0000000700400000, 0x0000000700400000| Untracked 
|   3|0x0000000700600000, 0x0000000700600000, 0x0000000700800000|  0%| F|  |TAMS 0x0000000700600000, 0x0000000700600000| Untracked 
|   4|0x0000000700800000, 0x0000000700800000, 0x0000000700a00000|  0%| F|  |TAMS 0x0000000700800000, 0x0000000700800000| Untracked 
|   5|0x0000000700a00000, 0x0000000700a00000, 0x0000000700c00000|  0%| F|  |TAMS 0x0000000700a00000, 0x0000000700a00000| Untracked 
|   6|0x0000000700c00000, 0x0000000700c00000, 0x0000000700e00000|  0%| F|  |TAMS 0x0000000700c00000, 0x0000000700c00000| Untracked 
|   7|0x0000000700e00000, 0x0000000700e00000, 0x0000000701000000|  0%| F|  |TAMS 0x0000000700e00000, 0x0000000700e00000| Untracked 
|   8|0x0000000701000000, 0x0000000701000000, 0x0000000701200000|  0%| F|  |TAMS 0x0000000701000000, 0x0000000701000000| Untracked 
|   9|0x0000000701200000, 0x0000000701200000, 0x0000000701400000|  0%| F|  |TAMS 0x0000000701200000, 0x0000000701200000| Untracked 
|  10|0x0000000701400000, 0x0000000701400000, 0x0000000701600000|  0%| F|  |TAMS 0x0000000701400000, 0x0000000701400000| Untracked 
|  11|0x0000000701600000, 0x0000000701600000, 0x0000000701800000|  0%| F|  |TAMS 0x0000000701600000, 0x0000000701600000| Untracked 
|  12|0x0000000701800000, 0x0000000701800000, 0x0000000701a00000|  0%| F|  |TAMS 0x0000000701800000, 0x0000000701800000| Untracked 
|  13|0x0000000701a00000, 0x0000000701a00000, 0x0000000701c00000|  0%| F|  |TAMS 0x0000000701a00000, 0x0000000701a00000| Untracked 
|  14|0x0000000701c00000, 0x0000000701c00000, 0x0000000701e00000|  0%| F|  |TAMS 0x0000000701c00000, 0x0000000701c00000| Untracked 
|  15|0x0000000701e00000, 0x0000000701e00000, 0x0000000702000000|  0%| F|  |TAMS 0x0000000701e00000, 0x0000000701e00000| Untracked 
|  16|0x0000000702000000, 0x0000000702000000, 0x0000000702200000|  0%| F|  |TAMS 0x0000000702000000, 0x0000000702000000| Untracked 
|  17|0x0000000702200000, 0x0000000702200000, 0x0000000702400000|  0%| F|  |TAMS 0x0000000702200000, 0x0000000702200000| Untracked 
|  18|0x0000000702400000, 0x0000000702400000, 0x0000000702600000|  0%| F|  |TAMS 0x0000000702400000, 0x0000000702400000| Untracked 
|  19|0x0000000702600000, 0x0000000702600000, 0x0000000702800000|  0%| F|  |TAMS 0x0000000702600000, 0x0000000702600000| Untracked 
|  20|0x0000000702800000, 0x0000000702800000, 0x0000000702a00000|  0%| F|  |TAMS 0x0000000702800000, 0x0000000702800000| Untracked 
|  21|0x0000000702a00000, 0x0000000702a00000, 0x0000000702c00000|  0%| F|  |TAMS 0x0000000702a00000, 0x0000000702a00000| Untracked 
|  22|0x0000000702c00000, 0x0000000702c00000, 0x0000000702e00000|  0%| F|  |TAMS 0x0000000702c00000, 0x0000000702c00000| Untracked 
|  23|0x0000000702e00000, 0x0000000702e00000, 0x0000000703000000|  0%| F|  |TAMS 0x0000000702e00000, 0x0000000702e00000| Untracked 
|  24|0x0000000703000000, 0x0000000703000000, 0x0000000703200000|  0%| F|  |TAMS 0x0000000703000000, 0x0000000703000000| Untracked 
|  25|0x0000000703200000, 0x0000000703200000, 0x0000000703400000|  0%| F|  |TAMS 0x0000000703200000, 0x0000000703200000| Untracked 
|  26|0x0000000703400000, 0x0000000703400000, 0x0000000703600000|  0%| F|  |TAMS 0x0000000703400000, 0x0000000703400000| Untracked 
|  27|0x0000000703600000, 0x0000000703600000, 0x0000000703800000|  0%| F|  |TAMS 0x0000000703600000, 0x0000000703600000| Untracked 
|  28|0x0000000703800000, 0x0000000703800000, 0x0000000703a00000|  0%| F|  |TAMS 0x0000000703800000, 0x0000000703800000| Untracked 
|  29|0x0000000703a00000, 0x0000000703a00000, 0x0000000703c00000|  0%| F|  |TAMS 0x0000000703a00000, 0x0000000703a00000| Untracked 
|  30|0x0000000703c00000, 0x0000000703c00000, 0x0000000703e00000|  0%| F|  |TAMS 0x0000000703c00000, 0x0000000703c00000| Untracked 
|  31|0x0000000703e00000, 0x0000000703e00000, 0x0000000704000000|  0%| F|  |TAMS 0x0000000703e00000, 0x0000000703e00000| Untracked 
|  32|0x0000000704000000, 0x0000000704000000, 0x0000000704200000|  0%| F|  |TAMS 0x0000000704000000, 0x0000000704000000| Untracked 
|  33|0x0000000704200000, 0x0000000704200000, 0x0000000704400000|  0%| F|  |TAMS 0x0000000704200000, 0x0000000704200000| Untracked 
|  34|0x0000000704400000, 0x0000000704400000, 0x0000000704600000|  0%| F|  |TAMS 0x0000000704400000, 0x0000000704400000| Untracked 
|  35|0x0000000704600000, 0x0000000704600000, 0x0000000704800000|  0%| F|  |TAMS 0x0000000704600000, 0x0000000704600000| Untracked 
|  36|0x0000000704800000, 0x0000000704800000, 0x0000000704a00000|  0%| F|  |TAMS 0x0000000704800000, 0x0000000704800000| Untracked 
|  37|0x0000000704a00000, 0x0000000704a00000, 0x0000000704c00000|  0%| F|  |TAMS 0x0000000704a00000, 0x0000000704a00000| Untracked 
|  38|0x0000000704c00000, 0x0000000704c00000, 0x0000000704e00000|  0%| F|  |TAMS 0x0000000704c00000, 0x0000000704c00000| Untracked 
|  39|0x0000000704e00000, 0x0000000704e00000, 0x0000000705000000|  0%| F|  |TAMS 0x0000000704e00000, 0x0000000704e00000| Untracked 
|  40|0x0000000705000000, 0x0000000705000000, 0x0000000705200000|  0%| F|  |TAMS 0x0000000705000000, 0x0000000705000000| Untracked 
|  41|0x0000000705200000, 0x0000000705200000, 0x0000000705400000|  0%| F|  |TAMS 0x0000000705200000, 0x0000000705200000| Untracked 
|  42|0x0000000705400000, 0x0000000705400000, 0x0000000705600000|  0%| F|  |TAMS 0x0000000705400000, 0x0000000705400000| Untracked 
|  43|0x0000000705600000, 0x0000000705600000, 0x0000000705800000|  0%| F|  |TAMS 0x0000000705600000, 0x0000000705600000| Untracked 
|  44|0x0000000705800000, 0x0000000705800000, 0x0000000705a00000|  0%| F|  |TAMS 0x0000000705800000, 0x0000000705800000| Untracked 
|  45|0x0000000705a00000, 0x0000000705a00000, 0x0000000705c00000|  0%| F|  |TAMS 0x0000000705a00000, 0x0000000705a00000| Untracked 
|  46|0x0000000705c00000, 0x0000000705c00000, 0x0000000705e00000|  0%| F|  |TAMS 0x0000000705c00000, 0x0000000705c00000| Untracked 
|  47|0x0000000705e00000, 0x0000000705e00000, 0x0000000706000000|  0%| F|  |TAMS 0x0000000705e00000, 0x0000000705e00000| Untracked 
|  48|0x0000000706000000, 0x0000000706000000, 0x0000000706200000|  0%| F|  |TAMS 0x0000000706000000, 0x0000000706000000| Untracked 
|  49|0x0000000706200000, 0x0000000706200000, 0x0000000706400000|  0%| F|  |TAMS 0x0000000706200000, 0x0000000706200000| Untracked 
|  50|0x0000000706400000, 0x0000000706400000, 0x0000000706600000|  0%| F|  |TAMS 0x0000000706400000, 0x0000000706400000| Untracked 
|  51|0x0000000706600000, 0x0000000706600000, 0x0000000706800000|  0%| F|  |TAMS 0x0000000706600000, 0x0000000706600000| Untracked 
|  52|0x0000000706800000, 0x0000000706800000, 0x0000000706a00000|  0%| F|  |TAMS 0x0000000706800000, 0x0000000706800000| Untracked 
|  53|0x0000000706a00000, 0x0000000706a00000, 0x0000000706c00000|  0%| F|  |TAMS 0x0000000706a00000, 0x0000000706a00000| Untracked 
|  54|0x0000000706c00000, 0x0000000706c00000, 0x0000000706e00000|  0%| F|  |TAMS 0x0000000706c00000, 0x0000000706c00000| Untracked 
|  55|0x0000000706e00000, 0x0000000706e00000, 0x0000000707000000|  0%| F|  |TAMS 0x0000000706e00000, 0x0000000706e00000| Untracked 
|  56|0x0000000707000000, 0x0000000707000000, 0x0000000707200000|  0%| F|  |TAMS 0x0000000707000000, 0x0000000707000000| Untracked 
|  57|0x0000000707200000, 0x0000000707200000, 0x0000000707400000|  0%| F|  |TAMS 0x0000000707200000, 0x0000000707200000| Untracked 
|  58|0x0000000707400000, 0x0000000707400000, 0x0000000707600000|  0%| F|  |TAMS 0x0000000707400000, 0x0000000707400000| Untracked 
|  59|0x0000000707600000, 0x0000000707600000, 0x0000000707800000|  0%| F|  |TAMS 0x0000000707600000, 0x0000000707600000| Untracked 
|  60|0x0000000707800000, 0x0000000707800000, 0x0000000707a00000|  0%| F|  |TAMS 0x0000000707800000, 0x0000000707800000| Untracked 
|  61|0x0000000707a00000, 0x0000000707a00000, 0x0000000707c00000|  0%| F|  |TAMS 0x0000000707a00000, 0x0000000707a00000| Untracked 
|  62|0x0000000707c00000, 0x0000000707c00000, 0x0000000707e00000|  0%| F|  |TAMS 0x0000000707c00000, 0x0000000707c00000| Untracked 
|  63|0x0000000707e00000, 0x0000000707e00000, 0x0000000708000000|  0%| F|  |TAMS 0x0000000707e00000, 0x0000000707e00000| Untracked 
|  64|0x0000000708000000, 0x0000000708000000, 0x0000000708200000|  0%| F|  |TAMS 0x0000000708000000, 0x0000000708000000| Untracked 
|  65|0x0000000708200000, 0x0000000708200000, 0x0000000708400000|  0%| F|  |TAMS 0x0000000708200000, 0x0000000708200000| Untracked 
|  66|0x0000000708400000, 0x0000000708400000, 0x0000000708600000|  0%| F|  |TAMS 0x0000000708400000, 0x0000000708400000| Untracked 
|  67|0x0000000708600000, 0x0000000708600000, 0x0000000708800000|  0%| F|  |TAMS 0x0000000708600000, 0x0000000708600000| Untracked 
|  68|0x0000000708800000, 0x0000000708800000, 0x0000000708a00000|  0%| F|  |TAMS 0x0000000708800000, 0x0000000708800000| Untracked 
|  69|0x0000000708a00000, 0x0000000708a00000, 0x0000000708c00000|  0%| F|  |TAMS 0x0000000708a00000, 0x0000000708a00000| Untracked 
|  70|0x0000000708c00000, 0x0000000708c00000, 0x0000000708e00000|  0%| F|  |TAMS 0x0000000708c00000, 0x0000000708c00000| Untracked 
|  71|0x0000000708e00000, 0x0000000708e00000, 0x0000000709000000|  0%| F|  |TAMS 0x0000000708e00000, 0x0000000708e00000| Untracked 
|  72|0x0000000709000000, 0x0000000709000000, 0x0000000709200000|  0%| F|  |TAMS 0x0000000709000000, 0x0000000709000000| Untracked 
|  73|0x0000000709200000, 0x0000000709200000, 0x0000000709400000|  0%| F|  |TAMS 0x0000000709200000, 0x0000000709200000| Untracked 
|  74|0x0000000709400000, 0x0000000709400000, 0x0000000709600000|  0%| F|  |TAMS 0x0000000709400000, 0x0000000709400000| Untracked 
|  75|0x0000000709600000, 0x0000000709600000, 0x0000000709800000|  0%| F|  |TAMS 0x0000000709600000, 0x0000000709600000| Untracked 
|  76|0x0000000709800000, 0x0000000709800000, 0x0000000709a00000|  0%| F|  |TAMS 0x0000000709800000, 0x0000000709800000| Untracked 
|  77|0x0000000709a00000, 0x0000000709a00000, 0x0000000709c00000|  0%| F|  |TAMS 0x0000000709a00000, 0x0000000709a00000| Untracked 
|  78|0x0000000709c00000, 0x0000000709c00000, 0x0000000709e00000|  0%| F|  |TAMS 0x0000000709c00000, 0x0000000709c00000| Untracked 
|  79|0x0000000709e00000, 0x0000000709e00000, 0x000000070a000000|  0%| F|  |TAMS 0x0000000709e00000, 0x0000000709e00000| Untracked 
|  80|0x000000070a000000, 0x000000070a000000, 0x000000070a200000|  0%| F|  |TAMS 0x000000070a000000, 0x000000070a000000| Untracked 
|  81|0x000000070a200000, 0x000000070a200000, 0x000000070a400000|  0%| F|  |TAMS 0x000000070a200000, 0x000000070a200000| Untracked 
|  82|0x000000070a400000, 0x000000070a400000, 0x000000070a600000|  0%| F|  |TAMS 0x000000070a400000, 0x000000070a400000| Untracked 
|  83|0x000000070a600000, 0x000000070a600000, 0x000000070a800000|  0%| F|  |TAMS 0x000000070a600000, 0x000000070a600000| Untracked 
|  84|0x000000070a800000, 0x000000070a800000, 0x000000070aa00000|  0%| F|  |TAMS 0x000000070a800000, 0x000000070a800000| Untracked 
|  85|0x000000070aa00000, 0x000000070aa00000, 0x000000070ac00000|  0%| F|  |TAMS 0x000000070aa00000, 0x000000070aa00000| Untracked 
|  86|0x000000070ac00000, 0x000000070ac00000, 0x000000070ae00000|  0%| F|  |TAMS 0x000000070ac00000, 0x000000070ac00000| Untracked 
|  87|0x000000070ae00000, 0x000000070ae00000, 0x000000070b000000|  0%| F|  |TAMS 0x000000070ae00000, 0x000000070ae00000| Untracked 
|  88|0x000000070b000000, 0x000000070b000000, 0x000000070b200000|  0%| F|  |TAMS 0x000000070b000000, 0x000000070b000000| Untracked 
|  89|0x000000070b200000, 0x000000070b200000, 0x000000070b400000|  0%| F|  |TAMS 0x000000070b200000, 0x000000070b200000| Untracked 
|  90|0x000000070b400000, 0x000000070b400000, 0x000000070b600000|  0%| F|  |TAMS 0x000000070b400000, 0x000000070b400000| Untracked 
|  91|0x000000070b600000, 0x000000070b600000, 0x000000070b800000|  0%| F|  |TAMS 0x000000070b600000, 0x000000070b600000| Untracked 
|  92|0x000000070b800000, 0x000000070b800000, 0x000000070ba00000|  0%| F|  |TAMS 0x000000070b800000, 0x000000070b800000| Untracked 
|  93|0x000000070ba00000, 0x000000070ba00000, 0x000000070bc00000|  0%| F|  |TAMS 0x000000070ba00000, 0x000000070ba00000| Untracked 
|  94|0x000000070bc00000, 0x000000070bc00000, 0x000000070be00000|  0%| F|  |TAMS 0x000000070bc00000, 0x000000070bc00000| Untracked 
|  95|0x000000070be00000, 0x000000070be00000, 0x000000070c000000|  0%| F|  |TAMS 0x000000070be00000, 0x000000070be00000| Untracked 
|  96|0x000000070c000000, 0x000000070c000000, 0x000000070c200000|  0%| F|  |TAMS 0x000000070c000000, 0x000000070c000000| Untracked 
|  97|0x000000070c200000, 0x000000070c200000, 0x000000070c400000|  0%| F|  |TAMS 0x000000070c200000, 0x000000070c200000| Untracked 
|  98|0x000000070c400000, 0x000000070c400000, 0x000000070c600000|  0%| F|  |TAMS 0x000000070c400000, 0x000000070c400000| Untracked 
|  99|0x000000070c600000, 0x000000070c600000, 0x000000070c800000|  0%| F|  |TAMS 0x000000070c600000, 0x000000070c600000| Untracked 
| 100|0x000000070c800000, 0x000000070c800000, 0x000000070ca00000|  0%| F|  |TAMS 0x000000070c800000, 0x000000070c800000| Untracked 
| 101|0x000000070ca00000, 0x000000070ca00000, 0x000000070cc00000|  0%| F|  |TAMS 0x000000070ca00000, 0x000000070ca00000| Untracked 
| 102|0x000000070cc00000, 0x000000070cc00000, 0x000000070ce00000|  0%| F|  |TAMS 0x000000070cc00000, 0x000000070cc00000| Untracked 
| 103|0x000000070ce00000, 0x000000070ce00000, 0x000000070d000000|  0%| F|  |TAMS 0x000000070ce00000, 0x000000070ce00000| Untracked 
| 104|0x000000070d000000, 0x000000070d000000, 0x000000070d200000|  0%| F|  |TAMS 0x000000070d000000, 0x000000070d000000| Untracked 
| 105|0x000000070d200000, 0x000000070d200000, 0x000000070d400000|  0%| F|  |TAMS 0x000000070d200000, 0x000000070d200000| Untracked 
| 106|0x000000070d400000, 0x000000070d400000, 0x000000070d600000|  0%| F|  |TAMS 0x000000070d400000, 0x000000070d400000| Untracked 
| 107|0x000000070d600000, 0x000000070d600000, 0x000000070d800000|  0%| F|  |TAMS 0x000000070d600000, 0x000000070d600000| Untracked 
| 108|0x000000070d800000, 0x000000070d800000, 0x000000070da00000|  0%| F|  |TAMS 0x000000070d800000, 0x000000070d800000| Untracked 
| 109|0x000000070da00000, 0x000000070da39580, 0x000000070dc00000| 11%| E|  |TAMS 0x000000070da00000, 0x000000070da00000| Complete 
| 110|0x000000070dc00000, 0x000000070de00000, 0x000000070de00000|100%| E|CS|TAMS 0x000000070dc00000, 0x000000070dc00000| Complete 
| 111|0x000000070de00000, 0x000000070e000000, 0x000000070e000000|100%| E|CS|TAMS 0x000000070de00000, 0x000000070de00000| Complete 
| 112|0x000000070e000000, 0x000000070e200000, 0x000000070e200000|100%| E|CS|TAMS 0x000000070e000000, 0x000000070e000000| Complete 
| 113|0x000000070e200000, 0x000000070e400000, 0x000000070e400000|100%| E|CS|TAMS 0x000000070e200000, 0x000000070e200000| Complete 
| 114|0x000000070e400000, 0x000000070e600000, 0x000000070e600000|100%| E|CS|TAMS 0x000000070e400000, 0x000000070e400000| Complete 
| 115|0x000000070e600000, 0x000000070e748050, 0x000000070e800000| 64%| S|CS|TAMS 0x000000070e600000, 0x000000070e600000| Complete 
| 116|0x000000070e800000, 0x000000070ea00000, 0x000000070ea00000|100%| S|CS|TAMS 0x000000070e800000, 0x000000070e800000| Complete 
| 117|0x000000070ea00000, 0x000000070ec00000, 0x000000070ec00000|100%| E|CS|TAMS 0x000000070ea00000, 0x000000070ea00000| Complete 
| 118|0x000000070ec00000, 0x000000070ee00000, 0x000000070ee00000|100%| E|CS|TAMS 0x000000070ec00000, 0x000000070ec00000| Complete 
| 119|0x000000070ee00000, 0x000000070f000000, 0x000000070f000000|100%| E|CS|TAMS 0x000000070ee00000, 0x000000070ee00000| Complete 
| 120|0x000000070f000000, 0x000000070f200000, 0x000000070f200000|100%| E|CS|TAMS 0x000000070f000000, 0x000000070f000000| Complete 
| 121|0x000000070f200000, 0x000000070f400000, 0x000000070f400000|100%| E|CS|TAMS 0x000000070f200000, 0x000000070f200000| Complete 
| 122|0x000000070f400000, 0x000000070f600000, 0x000000070f600000|100%| E|CS|TAMS 0x000000070f400000, 0x000000070f400000| Complete 
| 123|0x000000070f600000, 0x000000070f800000, 0x000000070f800000|100%| E|CS|TAMS 0x000000070f600000, 0x000000070f600000| Complete 
| 124|0x000000070f800000, 0x000000070fa00000, 0x000000070fa00000|100%| E|CS|TAMS 0x000000070f800000, 0x000000070f800000| Complete 
| 125|0x000000070fa00000, 0x000000070fc00000, 0x000000070fc00000|100%| E|CS|TAMS 0x000000070fa00000, 0x000000070fa00000| Complete 
| 126|0x000000070fc00000, 0x000000070fe00000, 0x000000070fe00000|100%| E|CS|TAMS 0x000000070fc00000, 0x000000070fc00000| Complete 
| 127|0x000000070fe00000, 0x0000000710000000, 0x0000000710000000|100%| E|CS|TAMS 0x000000070fe00000, 0x000000070fe00000| Complete 
|2046|0x00000007ffc00000, 0x00000007ffd78000, 0x00000007ffe00000| 73%|OA|  |TAMS 0x00000007ffc00000, 0x00000007ffc00000| Untracked 
|2047|0x00000007ffe00000, 0x00000007ffe80000, 0x0000000800000000| 25%|CA|  |TAMS 0x00000007ffe00000, 0x00000007ffe00000| Untracked 

Card table byte_map: [0x000000010a1d4000,0x000000010a9d4000] _byte_map_base: 0x00000001069d4000

Marking Bits (Prev, Next): (CMBitMap*) 0x0000000120041a10, (CMBitMap*) 0x0000000120041a50
 Prev Bits: [0x000000010b1d4000, 0x000000010f1d4000)
 Next Bits: [0x0000000118000000, 0x000000011c000000)

Polling page: 0x0000000100a8c000

Metaspace:

Usage:
  Non-class:     11.93 MB used.
      Class:      2.08 MB used.
       Both:     14.01 MB used.

Virtual space:
  Non-class space:       16.00 MB reserved,      12.06 MB ( 75%) committed,  2 nodes.
      Class space:        1.00 GB reserved,       2.19 MB ( <1%) committed,  1 nodes.
             Both:        1.02 GB reserved,      14.25 MB (  1%) committed. 

Chunk freelists:
   Non-Class:  3.97 MB
       Class:  1.83 MB
        Both:  5.80 MB

MaxMetaspaceSize: unlimited
CompressedClassSpaceSize: 1.00 GB
Initial GC threshold: 21.00 MB
Current GC threshold: 21.00 MB
CDS: on
MetaspaceReclaimPolicy: balanced
 - commit_granule_bytes: 65536.
 - commit_granule_words: 8192.
 - virtual_space_node_default_size: 1048576.
 - enlarge_chunks_in_place: 1.
 - new_chunks_are_fully_committed: 0.
 - uncommit_free_chunks: 1.
 - use_allocation_guard: 0.
 - handle_deallocations: 1.


Internal statistics:

num_allocs_failed_limit: 0.
num_arena_births: 176.
num_arena_deaths: 0.
num_vsnodes_births: 3.
num_vsnodes_deaths: 0.
num_space_committed: 228.
num_space_uncommitted: 0.
num_chunks_returned_to_freelist: 0.
num_chunks_taken_from_freelist: 617.
num_chunk_merges: 0.
num_chunk_splits: 419.
num_chunks_enlarged: 334.
num_purges: 0.
num_inconsistent_stats: 0.

CodeHeap 'non-profiled nmethods': size=120032Kb used=650Kb max_used=650Kb free=119381Kb
 bounds [0x0000000137ac8000, 0x0000000137d38000, 0x000000013f000000]
CodeHeap 'profiled nmethods': size=120016Kb used=3144Kb max_used=3144Kb free=116871Kb
 bounds [0x0000000130594000, 0x00000001308b4000, 0x0000000137ac8000]
CodeHeap 'non-nmethods': size=5712Kb used=1359Kb max_used=1438Kb free=4352Kb
 bounds [0x0000000130000000, 0x0000000130270000, 0x0000000130594000]
 total_blobs=2382 nmethods=1631 adapters=668
 compilation: enabled
              stopped_count=0, restarted_count=0
 full_count=0

Compilation events (20 events):
Event: 1.411 Thread 0x000000011e00c000 1680       3       java.util.WeakHashMap$EntryIterator::next (5 bytes)
Event: 1.411 Thread 0x000000011e00c000 nmethod 1680 0x00000001308a0810 code [0x00000001308a09c0, 0x00000001308a0c58]
Event: 1.411 Thread 0x000000011e00c000 1681       3       java.util.WeakHashMap$EntryIterator::next (5 bytes)
Event: 1.412 Thread 0x000000011e00c000 nmethod 1681 0x00000001308a0d10 code [0x00000001308a0ec0, 0x00000001308a10d8]
Event: 1.477 Thread 0x000000011e00c000 1682       3       java.util.concurrent.atomic.AtomicBoolean::get (13 bytes)
Event: 1.477 Thread 0x000000011e00c000 nmethod 1682 0x00000001308a1190 code [0x00000001308a1340, 0x00000001308a14e8]
Event: 1.487 Thread 0x000000011e00c000 1683       3       java.util.concurrent.locks.ReentrantLock$Sync::isHeldExclusively (16 bytes)
Event: 1.487 Thread 0x000000011e00c000 nmethod 1683 0x00000001308a1590 code [0x00000001308a1740, 0x00000001308a1928]
Event: 1.487 Thread 0x000000011e00c000 1685       3       java.util.WeakHashMap::<init> (133 bytes)
Event: 1.489 Thread 0x000000011e00c000 nmethod 1685 0x00000001308a1990 code [0x00000001308a1e00, 0x00000001308a33d8]
Event: 1.489 Thread 0x000000011e00c000 1684       3       java.util.WeakHashMap::<init> (9 bytes)
Event: 1.489 Thread 0x000000011e00c000 nmethod 1684 0x00000001308a3b90 code [0x00000001308a3d40, 0x00000001308a3ed8]
Event: 1.512 Thread 0x000000011e00c000 1686       3       java.security.AccessController::doPrivileged (17 bytes)
Event: 1.512 Thread 0x000000011e00c000 nmethod 1686 0x00000001308a3f90 code [0x00000001308a41c0, 0x00000001308a4628]
Event: 1.520 Thread 0x000000011e00c000 1688       3       java.util.concurrent.locks.AbstractQueuedSynchronizer$ConditionNode::isReleasable (23 bytes)
Event: 1.520 Thread 0x000000011e00c000 nmethod 1688 0x00000001308a4810 code [0x00000001308a49c0, 0x00000001308a4c68]
Event: 1.595 Thread 0x000000011e00c000 1689       3       java.util.WeakHashMap::putAll (133 bytes)
Event: 1.596 Thread 0x000000011e00c000 nmethod 1689 0x00000001308a4d10 code [0x00000001308a4fc0, 0x00000001308a5c18]
Event: 1.602 Thread 0x000000011e00c000 1690       3       com.sun.scenario.animation.AnimationPulse::getDefaultBean (4 bytes)
Event: 1.603 Thread 0x000000011e00c000 nmethod 1690 0x00000001308a5f10 code [0x00000001308a60c0, 0x00000001308a61a8]

GC Heap History (2 events):
Event: 0.440 GC heap before
{Heap before GC invocations=0 (full 0):
 garbage-first heap   total 266240K, used 24544K [0x0000000700000000, 0x0000000800000000)
  region size 2048K, 11 young (22528K), 0 survivors (0K)
 Metaspace       used 7158K, committed 7360K, reserved 1056768K
  class space    used 889K, committed 1024K, reserved 1048576K
}
Event: 0.441 GC heap after
{Heap after GC invocations=1 (full 0):
 garbage-first heap   total 266240K, used 5376K [0x0000000700000000, 0x0000000800000000)
  region size 2048K, 2 young (4096K), 2 survivors (4096K)
 Metaspace       used 7158K, committed 7360K, reserved 1056768K
  class space    used 889K, committed 1024K, reserved 1048576K
}

Deoptimization events (20 events):
Event: 0.778 Thread 0x00000001210aa000 DEOPT PACKING pc=0x00000001306ef914 sp=0x000000016f4f2390
Event: 0.778 Thread 0x00000001210aa000 DEOPT UNPACKING pc=0x000000013003eb7c sp=0x000000016f4f2060 mode 3
Event: 0.778 Thread 0x00000001210aa000 DEOPT PACKING pc=0x00000001306f1160 sp=0x000000016f4f23f0
Event: 0.778 Thread 0x00000001210aa000 DEOPT UNPACKING pc=0x000000013003eb7c sp=0x000000016f4f20c0 mode 3
Event: 0.839 Thread 0x0000000121012c00 DEOPT PACKING pc=0x00000001308857b8 sp=0x000000017218d4d0
Event: 0.839 Thread 0x0000000121012c00 DEOPT UNPACKING pc=0x000000013003eb7c sp=0x000000017218d130 mode 0
Event: 0.840 Thread 0x0000000121012c00 DEOPT PACKING pc=0x00000001308857b8 sp=0x000000017218d4d0
Event: 0.840 Thread 0x0000000121012c00 DEOPT UNPACKING pc=0x000000013003eb7c sp=0x000000017218d130 mode 0
Event: 0.840 Thread 0x0000000121012c00 DEOPT PACKING pc=0x00000001308857b8 sp=0x000000017218d4d0
Event: 0.840 Thread 0x0000000121012c00 DEOPT UNPACKING pc=0x000000013003eb7c sp=0x000000017218d130 mode 0
Event: 0.840 Thread 0x0000000121012c00 DEOPT PACKING pc=0x00000001308857b8 sp=0x000000017218d4d0
Event: 0.840 Thread 0x0000000121012c00 DEOPT UNPACKING pc=0x000000013003eb7c sp=0x000000017218d130 mode 0
Event: 0.841 Thread 0x0000000121012c00 DEOPT PACKING pc=0x00000001308857b8 sp=0x000000017218d4d0
Event: 0.841 Thread 0x0000000121012c00 DEOPT UNPACKING pc=0x000000013003eb7c sp=0x000000017218d130 mode 0
Event: 0.841 Thread 0x0000000121012c00 DEOPT PACKING pc=0x00000001308857b8 sp=0x000000017218d4d0
Event: 0.841 Thread 0x0000000121012c00 DEOPT UNPACKING pc=0x000000013003eb7c sp=0x000000017218d130 mode 0
Event: 1.267 Thread 0x000000011f117000 Uncommon trap: trap_request=0xffffff45 fr.pc=0x0000000137ad6444 relative=0x0000000000000104
Event: 1.267 Thread 0x000000011f117000 Uncommon trap: reason=unstable_if action=reinterpret pc=0x0000000137ad6444 method=java.lang.StringLatin1.lastIndexOf([BI[BII)I @ 86 c2
Event: 1.267 Thread 0x000000011f117000 DEOPT PACKING pc=0x0000000137ad6444 sp=0x00000001733058d0
Event: 1.267 Thread 0x000000011f117000 DEOPT UNPACKING pc=0x000000013003ed1c sp=0x0000000173305830 mode 2

Classes unloaded (0 events):
No events

Classes redefined (0 events):
No events

Internal exceptions (20 events):
Event: 0.604 Thread 0x00000001210aa000 Implicit null exception at 0x0000000137b077f8 to 0x0000000137b07888
Event: 0.609 Thread 0x00000001210aa000 Implicit null exception at 0x0000000137b14654 to 0x0000000137b149ac
Event: 0.610 Thread 0x00000001210aa000 Implicit null exception at 0x0000000137b124d4 to 0x0000000137b12828
Event: 0.654 Thread 0x00000001210aa000 Exception <a 'sun/nio/fs/UnixException'{0x000000070f0cd1f0}> (0x000000070f0cd1f0) 
thrown [open/src/hotspot/share/prims/jni.cpp, line 516]
Event: 0.654 Thread 0x00000001210aa000 Exception <a 'sun/nio/fs/UnixException'{0x000000070f0cde18}> (0x000000070f0cde18) 
thrown [open/src/hotspot/share/prims/jni.cpp, line 516]
Event: 0.659 Thread 0x00000001210aa000 Exception <a 'sun/nio/fs/UnixException'{0x000000070f14c310}> (0x000000070f14c310) 
thrown [open/src/hotspot/share/prims/jni.cpp, line 516]
Event: 0.661 Thread 0x00000001210aa000 Exception <a 'java/lang/NoSuchMethodError'{0x000000070f159298}: 'java.lang.Object java.lang.invoke.DirectMethodHandle$Holder.invokeStatic(java.lang.Object, int, java.lang.Object)'> (0x000000070f159298) 
thrown [open/src/hotspot/share/interpreter/linkResolver.cpp, line 766]
Event: 0.662 Thread 0x00000001210aa000 Exception <a 'java/lang/ClassNotFoundException'{0x000000070f169f10}: sun/util/logging/resources/spi/loggingProvider> (0x000000070f169f10) 
thrown [open/src/hotspot/share/classfile/systemDictionary.cpp, line 256]
Event: 0.685 Thread 0x00000001210aa000 Exception <a 'java/lang/ClassNotFoundException'{0x000000070efa54d0}: com/sun/javafx/scene/control/skin/resources/controls> (0x000000070efa54d0) 
thrown [open/src/hotspot/share/prims/jni.cpp, line 535]
Event: 0.685 Thread 0x00000001210aa000 Exception <a 'java/lang/ClassNotFoundException'{0x000000070efb3470}: com/sun/javafx/scene/control/skin/resources/controls_en> (0x000000070efb3470) 
thrown [open/src/hotspot/share/prims/jni.cpp, line 535]
Event: 0.685 Thread 0x00000001210aa000 Exception <a 'java/lang/ClassNotFoundException'{0x000000070efb4408}: com/sun/javafx/scene/control/skin/resources/controls_en_GB> (0x000000070efb4408) 
thrown [open/src/hotspot/share/prims/jni.cpp, line 535]
Event: 0.700 Thread 0x00000001210aa000 Exception <a 'java/lang/NoSuchMethodError'{0x000000070ed72720}: 'void java.lang.invoke.DirectMethodHandle$Holder.invokeSpecial(java.lang.Object, java.lang.Object, java.lang.Object, java.lang.Object, java.lang.Object, java.lang.Object)'> (0x000000070ed72720) 
thrown [open/src/hotspot/share/interpreter/linkResolver.cpp, line 766]
Event: 0.714 Thread 0x00000001210aa000 Exception <a 'java/lang/NoSuchMethodError'{0x000000070e46e6b0}: 'java.lang.Object java.lang.invoke.DirectMethodHandle$Holder.invokeInterface(java.lang.Object, java.lang.Object, java.lang.Object)'> (0x000000070e46e6b0) 
thrown [open/src/hotspot/share/interpreter/linkResolver.cpp, line 766]
Event: 0.714 Thread 0x00000001210aa000 Exception <a 'java/lang/IncompatibleClassChangeError'{0x000000070e472038}: Found class java.lang.Object, but interface was expected> (0x000000070e472038) 
thrown [open/src/hotspot/share/interpreter/linkResolver.cpp, line 833]
Event: 0.745 Thread 0x00000001210aa000 Exception <a 'java/lang/NoSuchMethodError'{0x000000070e25b978}: 'java.lang.Object java.lang.invoke.DirectMethodHandle$Holder.newInvokeSpecial(java.lang.Object, java.lang.Object, int)'> (0x000000070e25b978) 
thrown [open/src/hotspot/share/interpreter/linkResolver.cpp, line 766]
Event: 0.777 Thread 0x0000000121012c00 Exception <a 'java/lang/NoSuchMethodError'{0x000000070e02e170}: 'int java.lang.invoke.DirectMethodHandle$Holder.invokeStaticInit(java.lang.Object, java.lang.Object)'> (0x000000070e02e170) 
thrown [open/src/hotspot/share/interpreter/linkResolver.cpp, line 766]
Event: 0.778 Thread 0x00000001210aa000 Exception <a 'java/lang/NoSuchMethodError'{0x000000070e2aede0}: 'long java.lang.invoke.DirectMethodHandle$Holder.invokeStatic(java.lang.Object, java.lang.Object, java.lang.Object)'> (0x000000070e2aede0) 
thrown [open/src/hotspot/share/interpreter/linkResolver.cpp, line 766]
Event: 0.779 Thread 0x00000001210aa000 Exception <a 'java/lang/NoSuchMethodError'{0x000000070e2b2588}: 'long java.lang.invoke.DirectMethodHandle$Holder.invokeStaticInit(java.lang.Object, java.lang.Object, java.lang.Object)'> (0x000000070e2b2588) 
thrown [open/src/hotspot/share/interpreter/linkResolver.cpp, line 766]
Event: 0.779 Thread 0x00000001210aa000 Exception <a 'java/lang/NoSuchMethodError'{0x000000070e0a33f8}: 'java.lang.Object java.lang.invoke.DirectMethodHandle$Holder.newInvokeSpecial(java.lang.Object, java.lang.Object, long)'> (0x000000070e0a33f8) 
thrown [open/src/hotspot/share/interpreter/linkResolver.cpp, line 766]
Event: 0.779 Thread 0x00000001210aa000 Exception <a 'java/lang/NoSuchMethodError'{0x000000070e0a6cc0}: 'java.lang.Object java.lang.invoke.Invokers$Holder.linkToTargetMethod(java.lang.Object, long, java.lang.Object)'> (0x000000070e0a6cc0) 
thrown [open/src/hotspot/share/interpreter/linkResolver.cpp, line 766]

VM Operations (20 events):
Event: 0.073 Executing VM operation: HandshakeAllThreads
Event: 0.073 Executing VM operation: HandshakeAllThreads done
Event: 0.073 Executing VM operation: HandshakeAllThreads
Event: 0.073 Executing VM operation: HandshakeAllThreads done
Event: 0.081 Executing VM operation: HandshakeAllThreads
Event: 0.081 Executing VM operation: HandshakeAllThreads done
Event: 0.235 Executing VM operation: ICBufferFull
Event: 0.235 Executing VM operation: ICBufferFull done
Event: 0.440 Executing VM operation: G1CollectForAllocation
Event: 0.441 Executing VM operation: G1CollectForAllocation done
Event: 0.472 Executing VM operation: HandshakeAllThreads
Event: 0.472 Executing VM operation: HandshakeAllThreads done
Event: 0.490 Executing VM operation: ICBufferFull
Event: 0.490 Executing VM operation: ICBufferFull done
Event: 0.580 Executing VM operation: HandshakeAllThreads
Event: 0.580 Executing VM operation: HandshakeAllThreads done
Event: 0.701 Executing VM operation: ICBufferFull
Event: 0.701 Executing VM operation: ICBufferFull done
Event: 1.519 Executing VM operation: ICBufferFull
Event: 1.520 Executing VM operation: ICBufferFull done

Events (20 events):
Event: 1.265 loading class sun/util/cldr/CLDRTimeZoneNameProviderImpl
Event: 1.265 loading class sun/util/locale/provider/TimeZoneNameProviderImpl
Event: 1.265 loading class sun/util/locale/provider/TimeZoneNameProviderImpl done
Event: 1.265 loading class sun/util/cldr/CLDRTimeZoneNameProviderImpl done
Event: 1.265 loading class sun/util/locale/provider/BaseLocaleDataMetaInfo
Event: 1.266 loading class sun/util/locale/provider/BaseLocaleDataMetaInfo done
Event: 1.266 loading class sun/util/resources/cldr/TimeZoneNames
Event: 1.266 loading class sun/util/resources/TimeZoneNamesBundle
Event: 1.267 loading class sun/util/resources/OpenListResourceBundle
Event: 1.267 loading class sun/util/resources/OpenListResourceBundle done
Event: 1.267 loading class sun/util/resources/TimeZoneNamesBundle done
Event: 1.267 loading class sun/util/resources/cldr/TimeZoneNames done
Event: 1.267 loading class sun/util/resources/cldr/TimeZoneNames_en
Event: 1.267 loading class sun/util/resources/cldr/TimeZoneNames_en done
Event: 1.267 loading class sun/util/resources/cldr/TimeZoneNames_en_US
Event: 1.267 loading class sun/util/resources/cldr/TimeZoneNames_en_US done
Event: 1.268 loading class sun/util/resources/TimeZoneNames
Event: 1.268 loading class sun/util/resources/TimeZoneNames done
Event: 1.269 loading class sun/util/resources/TimeZoneNames_en
Event: 1.269 loading class sun/util/resources/TimeZoneNames_en done


Dynamic libraries:
0x0000000100a3c000 	/Library/Java/JavaVirtualMachines/jdk-17.0.1.jdk/Contents/Home/lib/libjli.dylib
0x00000001b8fbd000 	/usr/lib/libz.1.dylib
0x00000001b906d000 	/usr/lib/libSystem.B.dylib
0x00000001b9067000 	/usr/lib/system/libcache.dylib
0x00000001b9025000 	/usr/lib/system/libcommonCrypto.dylib
0x00000001b904e000 	/usr/lib/system/libcompiler_rt.dylib
0x00000001b9045000 	/usr/lib/system/libcopyfile.dylib
0x00000001ae3a6000 	/usr/lib/system/libcorecrypto.dylib
0x00000001ae44b000 	/usr/lib/system/libdispatch.dylib
0x00000001ae613000 	/usr/lib/system/libdyld.dylib
0x00000001b905d000 	/usr/lib/system/libkeymgr.dylib
0x00000001b9007000 	/usr/lib/system/libmacho.dylib
0x00000001b8707000 	/usr/lib/system/libquarantine.dylib
0x00000001b905a000 	/usr/lib/system/libremovefile.dylib
0x00000001b37a5000 	/usr/lib/system/libsystem_asl.dylib
0x00000001ae350000 	/usr/lib/system/libsystem_blocks.dylib
0x00000001ae4d1000 	/usr/lib/system/libsystem_c.dylib
0x00000001b9052000 	/usr/lib/system/libsystem_collections.dylib
0x00000001b7bc6000 	/usr/lib/system/libsystem_configuration.dylib
0x00000001b6e4a000 	/usr/lib/system/libsystem_containermanager.dylib
0x00000001b8d6e000 	/usr/lib/system/libsystem_coreservices.dylib
0x00000001b0d37000 	/usr/lib/system/libsystem_darwin.dylib
0x00000001b905e000 	/usr/lib/system/libsystem_dnssd.dylib
0x00000001ae4ce000 	/usr/lib/system/libsystem_featureflags.dylib
0x00000001ae628000 	/usr/lib/system/libsystem_info.dylib
0x00000001b8fcf000 	/usr/lib/system/libsystem_m.dylib
0x00000001ae420000 	/usr/lib/system/libsystem_malloc.dylib
0x00000001b3736000 	/usr/lib/system/libsystem_networkextension.dylib
0x00000001b118b000 	/usr/lib/system/libsystem_notify.dylib
0x00000001bf271000 	/usr/lib/system/libsystem_product_info_filter.dylib
0x00000001b7bcb000 	/usr/lib/system/libsystem_sandbox.dylib
0x00000001b9057000 	/usr/lib/system/libsystem_secinit.dylib
0x00000001ae5d0000 	/usr/lib/system/libsystem_kernel.dylib
0x00000001ae620000 	/usr/lib/system/libsystem_platform.dylib
0x00000001ae606000 	/usr/lib/system/libsystem_pthread.dylib
0x00000001b4ee2000 	/usr/lib/system/libsystem_symptoms.dylib
0x00000001ae38c000 	/usr/lib/system/libsystem_trace.dylib
0x00000001b9032000 	/usr/lib/system/libunwind.dylib
0x00000001ae352000 	/usr/lib/system/libxpc.dylib
0x00000001ae5b6000 	/usr/lib/libc++abi.dylib
0x00000001ae492000 	/usr/lib/libobjc.A.dylib
0x00000001b903d000 	/usr/lib/liboah.dylib
0x00000001ae552000 	/usr/lib/libc++.1.dylib
0x00000001c4c72000 	/System/Library/Frameworks/Cocoa.framework/Versions/A/Cocoa
0x00000001b11eb000 	/System/Library/Frameworks/AppKit.framework/Versions/C/AppKit
0x00000001b4721000 	/System/Library/Frameworks/CoreData.framework/Versions/A/CoreData
0x00000001af548000 	/System/Library/Frameworks/Foundation.framework/Versions/C/Foundation
0x00000001b20a2000 	/System/Library/PrivateFrameworks/UIFoundation.framework/Versions/A/UIFoundation
0x00000001bef6b000 	/System/Library/PrivateFrameworks/RemoteViewServices.framework/Versions/A/RemoteViewServices
0x00000001b7584000 	/System/Library/PrivateFrameworks/XCTTargetBootstrap.framework/Versions/A/XCTTargetBootstrap
0x00000001bad6e000 	/System/Library/PrivateFrameworks/InternationalSupport.framework/Versions/A/InternationalSupport
0x00000001badf7000 	/System/Library/PrivateFrameworks/UserActivity.framework/Versions/A/UserActivity
0x00000001ba29c000 	/usr/lib/libspindump.dylib
0x00000001b2312000 	/System/Library/Frameworks/UniformTypeIdentifiers.framework/Versions/A/UniformTypeIdentifiers
0x00000001b5b11000 	/usr/lib/libapp_launch_measurement.dylib
0x00000001b5089000 	/System/Library/PrivateFrameworks/CoreAnalytics.framework/Versions/A/CoreAnalytics
0x00000001b5b14000 	/System/Library/PrivateFrameworks/CoreAutoLayout.framework/Versions/A/CoreAutoLayout
0x00000001b6e87000 	/System/Library/Frameworks/Metal.framework/Versions/A/Metal
0x00000001b7bd6000 	/usr/lib/liblangid.dylib
0x00000001b7588000 	/System/Library/PrivateFrameworks/CoreSVG.framework/Versions/A/CoreSVG
0x00000001b37d9000 	/System/Library/PrivateFrameworks/SkyLight.framework/Versions/A/SkyLight
0x00000001b3ba6000 	/System/Library/Frameworks/CoreGraphics.framework/Versions/A/CoreGraphics
0x00000001bf5e9000 	/System/Library/Frameworks/Accelerate.framework/Versions/A/Accelerate
0x00000001b9d10000 	/System/Library/PrivateFrameworks/IconServices.framework/Versions/A/IconServices
0x00000001b6e69000 	/System/Library/Frameworks/IOSurface.framework/Versions/A/IOSurface
0x00000001b50b9000 	/usr/lib/libDiagnosticMessagesClient.dylib
0x00000001c2a32000 	/System/Library/Frameworks/ApplicationServices.framework/Versions/A/ApplicationServices
0x00000001b756c000 	/System/Library/PrivateFrameworks/DFRFoundation.framework/Versions/A/DFRFoundation
0x00000001b0a8c000 	/usr/lib/libicucore.A.dylib
0x00000001bbb6f000 	/System/Library/Frameworks/AudioToolbox.framework/Versions/A/AudioToolbox
0x00000001bad7a000 	/System/Library/PrivateFrameworks/DataDetectorsCore.framework/Versions/A/DataDetectorsCore
0x00000001d0ec8000 	/System/Library/PrivateFrameworks/TextInput.framework/Versions/A/TextInput
0x00000001b3750000 	/usr/lib/libMobileGestalt.dylib
0x00000001b723c000 	/System/Library/Frameworks/Carbon.framework/Versions/A/Frameworks/HIToolbox.framework/Versions/A/HIToolbox
0x00000001b551a000 	/System/Library/Frameworks/QuartzCore.framework/Versions/A/QuartzCore
0x00000001b0709000 	/System/Library/Frameworks/Security.framework/Versions/A/Security
0x00000001befab000 	/System/Library/Frameworks/Carbon.framework/Versions/A/Frameworks/SpeechRecognition.framework/Versions/A/SpeechRecognition
0x00000001b5868000 	/System/Library/PrivateFrameworks/CoreUI.framework/Versions/A/CoreUI
0x00000001affda000 	/System/Library/Frameworks/CoreAudio.framework/Versions/A/CoreAudio
0x00000001b51ad000 	/System/Library/Frameworks/DiskArbitration.framework/Versions/A/DiskArbitration
0x00000001ba681000 	/System/Library/PrivateFrameworks/MultitouchSupport.framework/Versions/A/MultitouchSupport
0x00000001b374e000 	/usr/lib/libenergytrace.dylib
0x00000001b10b5000 	/System/Library/Frameworks/IOKit.framework/Versions/A/IOKit
0x00000001bf394000 	/System/Library/Frameworks/CoreServices.framework/Versions/A/CoreServices
0x00000001b5aa1000 	/System/Library/PrivateFrameworks/PerformanceAnalysis.framework/Versions/A/PerformanceAnalysis
0x000000020fa75000 	/System/Library/Frameworks/OpenGL.framework/Versions/A/OpenGL
0x00000001b8627000 	/System/Library/PrivateFrameworks/MobileKeyBag.framework/Versions/A/MobileKeyBag
0x00000001b41b6000 	/System/Library/Frameworks/ColorSync.framework/Versions/A/ColorSync
0x00000001ae654000 	/System/Library/Frameworks/CoreFoundation.framework/Versions/A/CoreFoundation
0x00000001b7809000 	/System/Library/Frameworks/CoreImage.framework/Versions/A/CoreImage
0x00000001afdfd000 	/System/Library/Frameworks/CoreText.framework/Versions/A/CoreText
0x00000001b75b8000 	/System/Library/Frameworks/ImageIO.framework/Versions/A/ImageIO
0x00000001b9073000 	/System/Library/PrivateFrameworks/SoftLinking.framework/Versions/A/SoftLinking
0x00000001b5b5e000 	/usr/lib/libxml2.2.dylib
0x00000001b930c000 	/usr/lib/libcompression.dylib
0x00000001bacc7000 	/System/Library/PrivateFrameworks/TextureIO.framework/Versions/A/TextureIO
0x00000001b9a2a000 	/usr/lib/libate.dylib
0x00000001b98f2000 	/usr/lib/liblzma.5.dylib
0x00000001af23c000 	/System/Library/Frameworks/SystemConfiguration.framework/Versions/A/SystemConfiguration
0x00000001b906f000 	/usr/lib/libfakelink.dylib
0x00000001b327d000 	/System/Library/Frameworks/CFNetwork.framework/Versions/A/CFNetwork
0x00000001b91b6000 	/usr/lib/libarchive.2.dylib
0x00000001b7bd2000 	/System/Library/PrivateFrameworks/AppleSystemInfo.framework/Versions/A/AppleSystemInfo
0x00000001b8732000 	/usr/lib/libbsm.0.dylib
0x00000001b27b5000 	/usr/lib/libnetwork.dylib
0x00000001b900d000 	/usr/lib/system/libkxld.dylib
0x00000001b8349000 	/System/Library/PrivateFrameworks/IOMobileFramebuffer.framework/Versions/A/IOMobileFramebuffer
0x000000022b8a6000 	/usr/lib/libCoreEntitlements.dylib
0x00000001b8d50000 	/System/Library/PrivateFrameworks/AppleFSCompression.framework/Versions/A/AppleFSCompression
0x00000001b871a000 	/usr/lib/libcoretls.dylib
0x00000001b990b000 	/usr/lib/libcoretls_cfhelpers.dylib
0x00000001b9307000 	/usr/lib/libpam.2.dylib
0x00000001b4b0a000 	/usr/lib/libsqlite3.dylib
0x00000001b9973000 	/usr/lib/libxar.1.dylib
0x00000001b8d61000 	/usr/lib/libbz2.1.0.dylib
0x00000001b9074000 	/usr/lib/libpcap.A.dylib
0x00000001b4ed9000 	/usr/lib/libdns_services.dylib
0x00000001b92da000 	/usr/lib/libapple_nghttp2.dylib
0x00000001b90b1000 	/usr/lib/libiconv.2.dylib
0x00000001b9006000 	/usr/lib/libcharset.1.dylib
0x00000001b5add000 	/System/Library/Frameworks/CoreServices.framework/Versions/A/Frameworks/FSEvents.framework/Versions/A/FSEvents
0x00000001b0d42000 	/System/Library/Frameworks/CoreServices.framework/Versions/A/Frameworks/CarbonCore.framework/Versions/A/CarbonCore
0x00000001b5110000 	/System/Library/Frameworks/CoreServices.framework/Versions/A/Frameworks/Metadata.framework/Versions/A/Metadata
0x00000001b8d74000 	/System/Library/Frameworks/CoreServices.framework/Versions/A/Frameworks/OSServices.framework/Versions/A/OSServices
0x00000001b923c000 	/System/Library/Frameworks/CoreServices.framework/Versions/A/Frameworks/SearchKit.framework/Versions/A/SearchKit
0x00000001b4e67000 	/System/Library/Frameworks/CoreServices.framework/Versions/A/Frameworks/AE.framework/Versions/A/AE
0x00000001aeb98000 	/System/Library/Frameworks/CoreServices.framework/Versions/A/Frameworks/LaunchServices.framework/Versions/A/LaunchServices
0x00000001b989b000 	/System/Library/Frameworks/CoreServices.framework/Versions/A/Frameworks/DictionaryServices.framework/Versions/A/DictionaryServices
0x00000001b5aea000 	/System/Library/Frameworks/CoreServices.framework/Versions/A/Frameworks/SharedFileList.framework/Versions/A/SharedFileList
0x00000001b870a000 	/usr/lib/libCheckFix.dylib
0x00000001b37bd000 	/System/Library/PrivateFrameworks/TCC.framework/Versions/A/TCC
0x00000001b7bd8000 	/System/Library/PrivateFrameworks/CoreNLP.framework/Versions/A/CoreNLP
0x00000001b50bc000 	/System/Library/PrivateFrameworks/MetadataUtilities.framework/Versions/A/MetadataUtilities
0x00000001af2f5000 	/usr/lib/libmecabra.dylib
0x00000001b8743000 	/usr/lib/libmecab.dylib
0x00000001af2c1000 	/usr/lib/libCRFSuite.dylib
0x00000001b87a1000 	/usr/lib/libgermantok.dylib
0x00000001b92b3000 	/usr/lib/libThaiTokenizer.dylib
0x00000001b51b5000 	/System/Library/Frameworks/Accelerate.framework/Versions/A/Frameworks/vImage.framework/Versions/A/vImage
0x00000001bf36b000 	/System/Library/Frameworks/Accelerate.framework/Versions/A/Frameworks/vecLib.framework/Versions/A/vecLib
0x00000001b99b7000 	/System/Library/Frameworks/Accelerate.framework/Versions/A/Frameworks/vecLib.framework/Versions/A/libvMisc.dylib
0x00000001b8253000 	/System/Library/Frameworks/Accelerate.framework/Versions/A/Frameworks/vecLib.framework/Versions/A/libvDSP.dylib
0x00000001aef1b000 	/System/Library/Frameworks/Accelerate.framework/Versions/A/Frameworks/vecLib.framework/Versions/A/libBLAS.dylib
0x00000001b93db000 	/System/Library/Frameworks/Accelerate.framework/Versions/A/Frameworks/vecLib.framework/Versions/A/libLAPACK.dylib
0x00000001b87a4000 	/System/Library/Frameworks/Accelerate.framework/Versions/A/Frameworks/vecLib.framework/Versions/A/libLinearAlgebra.dylib
0x00000001b92f2000 	/System/Library/Frameworks/Accelerate.framework/Versions/A/Frameworks/vecLib.framework/Versions/A/libSparseBLAS.dylib
0x00000001b93d6000 	/System/Library/Frameworks/Accelerate.framework/Versions/A/Frameworks/vecLib.framework/Versions/A/libQuadrature.dylib
0x00000001b7ccf000 	/System/Library/Frameworks/Accelerate.framework/Versions/A/Frameworks/vecLib.framework/Versions/A/libBNNS.dylib
0x00000001af1d9000 	/System/Library/Frameworks/Accelerate.framework/Versions/A/Frameworks/vecLib.framework/Versions/A/libSparse.dylib
0x00000001b7cc7000 	/System/Library/PrivateFrameworks/LinguisticData.framework/Versions/A/LinguisticData
0x00000001af18f000 	/System/Library/PrivateFrameworks/Lexicon.framework/Versions/A/Lexicon
0x00000001b99af000 	/usr/lib/libChineseTokenizer.dylib
0x00000001af936000 	/System/Library/PrivateFrameworks/LanguageModeling.framework/Versions/A/LanguageModeling
0x00000001b92b5000 	/System/Library/PrivateFrameworks/AppleSauce.framework/Versions/A/AppleSauce
0x00000001b8336000 	/System/Library/PrivateFrameworks/CoreEmoji.framework/Versions/A/CoreEmoji
0x00000001b91a4000 	/usr/lib/libcmph.dylib
0x00000001b5abd000 	/System/Library/Frameworks/OpenDirectory.framework/Versions/A/Frameworks/CFOpenDirectory.framework/Versions/A/CFOpenDirectory
0x00000001b5aad000 	/System/Library/Frameworks/OpenDirectory.framework/Versions/A/OpenDirectory
0x00000001b990d000 	/System/Library/PrivateFrameworks/APFS.framework/Versions/A/APFS
0x00000001b8662000 	/System/Library/Frameworks/SecurityFoundation.framework/Versions/A/SecurityFoundation
0x00000001b9981000 	/usr/lib/libutil.dylib
0x00000001b1077000 	/System/Library/PrivateFrameworks/CoreServicesStore.framework/Versions/A/CoreServicesStore
0x00000001b9985000 	/usr/lib/libxslt.1.dylib
0x00000001b86f6000 	/System/Library/PrivateFrameworks/BackgroundTaskManagement.framework/Versions/A/BackgroundTaskManagement
0x00000001babe8000 	/System/Library/Frameworks/ImageIO.framework/Versions/A/Resources/libRadiance.dylib
0x00000001babf1000 	/System/Library/Frameworks/ImageIO.framework/Versions/A/Resources/libJPEG.dylib
0x00000001bab43000 	/System/Library/Frameworks/ImageIO.framework/Versions/A/Resources/libPng.dylib
0x00000001bab65000 	/System/Library/Frameworks/ImageIO.framework/Versions/A/Resources/libTIFF.dylib
0x00000001bac4c000 	/System/Library/Frameworks/ImageIO.framework/Versions/A/Resources/libGIF.dylib
0x00000001ba591000 	/System/Library/Frameworks/ImageIO.framework/Versions/A/Resources/libJP2.dylib
0x00000001b9cd6000 	/usr/lib/libexpat.1.dylib
0x00000001ba54c000 	/System/Library/PrivateFrameworks/AppleJPEG.framework/Versions/A/AppleJPEG
0x00000001b70fb000 	/System/Library/PrivateFrameworks/FontServices.framework/libFontParser.dylib
0x00000001b4e0c000 	/System/Library/PrivateFrameworks/RunningBoardServices.framework/Versions/A/RunningBoardServices
0x00000001c52e8000 	/System/Library/PrivateFrameworks/IOSurfaceAccelerator.framework/Versions/A/IOSurfaceAccelerator
0x00000001ba67d000 	/System/Library/PrivateFrameworks/WatchdogClient.framework/Versions/A/WatchdogClient
0x00000001afa3a000 	/System/Library/Frameworks/CoreDisplay.framework/Versions/A/CoreDisplay
0x00000001b6fe9000 	/System/Library/Frameworks/CoreMedia.framework/Versions/A/CoreMedia
0x00000001b6e7d000 	/System/Library/PrivateFrameworks/IOAccelerator.framework/Versions/A/IOAccelerator
0x00000001b5c4b000 	/System/Library/Frameworks/CoreVideo.framework/Versions/A/CoreVideo
0x00000001b9305000 	/System/Library/Frameworks/MetalPerformanceShaders.framework/Versions/A/MetalPerformanceShaders
0x00000001ba6ba000 	/System/Library/Frameworks/VideoToolbox.framework/Versions/A/VideoToolbox
0x00000001b4d50000 	/System/Library/PrivateFrameworks/BaseBoard.framework/Versions/A/BaseBoard
0x00000001b4aef000 	/System/Library/PrivateFrameworks/ProtocolBuffer.framework/Versions/A/ProtocolBuffer
0x00000001babe3000 	/System/Library/PrivateFrameworks/GPUWrangler.framework/Versions/A/GPUWrangler
0x00000001babc2000 	/System/Library/PrivateFrameworks/IOPresentment.framework/Versions/A/IOPresentment
0x00000001babeb000 	/System/Library/PrivateFrameworks/DSExternalDisplay.framework/Versions/A/DSExternalDisplay
0x000000020fa68000 	/System/Library/Frameworks/OpenGL.framework/Versions/A/Libraries/libCoreFSCache.dylib
0x0000000219253000 	/System/Library/PrivateFrameworks/GPUCompiler.framework/Versions/31001/Libraries/libGPUCompilerUtils.dylib
0x00000001bac51000 	/System/Library/PrivateFrameworks/CMCaptureCore.framework/Versions/A/CMCaptureCore
0x00000001ba28a000 	/System/Library/PrivateFrameworks/AppServerSupport.framework/Versions/A/AppServerSupport
0x00000001bc42a000 	/System/Library/PrivateFrameworks/perfdata.framework/Versions/A/perfdata
0x00000001afb5a000 	/System/Library/PrivateFrameworks/AudioToolboxCore.framework/Versions/A/AudioToolboxCore
0x00000001b6fc1000 	/System/Library/PrivateFrameworks/caulk.framework/Versions/A/caulk
0x00000001bbd1f000 	/usr/lib/libAudioStatistics.dylib
0x00000001cd63c000 	/System/Library/PrivateFrameworks/SystemPolicy.framework/Versions/A/SystemPolicy
0x00000001bbf7f000 	/usr/lib/libSMC.dylib
0x00000001c4b54000 	/System/Library/Frameworks/CoreMIDI.framework/Versions/A/CoreMIDI
0x00000001bab11000 	/usr/lib/libAudioToolboxUtility.dylib
0x00000001c9a69000 	/System/Library/PrivateFrameworks/OSAServicesClient.framework/Versions/A/OSAServicesClient
0x00000001bc437000 	/usr/lib/libperfcheck.dylib
0x00000001ce143000 	/usr/lib/libmis.dylib
0x000000020fac9000 	/System/Library/Frameworks/OpenGL.framework/Versions/A/Libraries/libGLU.dylib
0x000000020fa88000 	/System/Library/Frameworks/OpenGL.framework/Versions/A/Libraries/libGFXShared.dylib
0x000000020fc72000 	/System/Library/Frameworks/OpenGL.framework/Versions/A/Libraries/libGL.dylib
0x000000020fa91000 	/System/Library/Frameworks/OpenGL.framework/Versions/A/Libraries/libGLImage.dylib
0x000000020fa85000 	/System/Library/Frameworks/OpenGL.framework/Versions/A/Libraries/libCVMSPluginSupport.dylib
0x000000020fa6f000 	/System/Library/Frameworks/OpenGL.framework/Versions/A/Libraries/libCoreVMClient.dylib
0x00000001b7b53000 	/System/Library/Frameworks/MetalPerformanceShaders.framework/Versions/A/Frameworks/MPSCore.framework/Versions/A/MPSCore
0x00000001b8cc3000 	/System/Library/Frameworks/MetalPerformanceShaders.framework/Versions/A/Frameworks/MPSImage.framework/Versions/A/MPSImage
0x00000001b87b9000 	/System/Library/Frameworks/MetalPerformanceShaders.framework/Versions/A/Frameworks/MPSNeuralNetwork.framework/Versions/A/MPSNeuralNetwork
0x00000001b8bf6000 	/System/Library/Frameworks/MetalPerformanceShaders.framework/Versions/A/Frameworks/MPSMatrix.framework/Versions/A/MPSMatrix
0x00000001b89d1000 	/System/Library/Frameworks/MetalPerformanceShaders.framework/Versions/A/Frameworks/MPSRayIntersector.framework/Versions/A/MPSRayIntersector
0x00000001b8c27000 	/System/Library/Frameworks/MetalPerformanceShaders.framework/Versions/A/Frameworks/MPSNDArray.framework/Versions/A/MPSNDArray
0x00000002117a0000 	/System/Library/Frameworks/MetalPerformanceShaders.framework/Versions/A/Frameworks/MPSFunctions.framework/Versions/A/MPSFunctions
0x00000001aedf9000 	/System/Library/PrivateFrameworks/MetalTools.framework/Versions/A/MetalTools
0x00000001b7bd0000 	/System/Library/PrivateFrameworks/AggregateDictionary.framework/Versions/A/AggregateDictionary
0x00000001b9abc000 	/usr/lib/libIOReport.dylib
0x00000001c3b3b000 	/System/Library/PrivateFrameworks/ASEProcessing.framework/Versions/A/ASEProcessing
0x00000001b9e2f000 	/System/Library/PrivateFrameworks/FaceCore.framework/Versions/A/FaceCore
0x00000001b9e21000 	/System/Library/PrivateFrameworks/GraphVisualizer.framework/Versions/A/GraphVisualizer
0x000000021916a000 	/System/Library/PrivateFrameworks/FontServices.framework/Versions/A/FontServices
0x00000001ba244000 	/System/Library/PrivateFrameworks/OTSVG.framework/Versions/A/OTSVG
0x00000001b5819000 	/System/Library/Frameworks/ApplicationServices.framework/Versions/A/Frameworks/ATS.framework/Versions/A/Resources/libFontRegistry.dylib
0x00000001ba293000 	/System/Library/PrivateFrameworks/FontServices.framework/libhvf.dylib
0x000000021916b000 	/System/Library/PrivateFrameworks/FontServices.framework/libXTFontStaticRegistryData.dylib
0x000000020fe14000 	/System/Library/Frameworks/OpenCL.framework/Versions/A/OpenCL
0x00000001b9c8a000 	/System/Library/PrivateFrameworks/AppleVA.framework/Versions/A/AppleVA
0x00000001bbd47000 	/System/Library/Frameworks/ApplicationServices.framework/Versions/A/Frameworks/ATS.framework/Versions/A/ATS
0x00000001b42b3000 	/System/Library/Frameworks/ApplicationServices.framework/Versions/A/Frameworks/HIServices.framework/Versions/A/HIServices
0x00000001bac5b000 	/System/Library/Frameworks/ApplicationServices.framework/Versions/A/Frameworks/PrintCore.framework/Versions/A/PrintCore
0x00000001bc0d2000 	/System/Library/Frameworks/ApplicationServices.framework/Versions/A/Frameworks/QD.framework/Versions/A/QD
0x00000001bc0ca000 	/System/Library/Frameworks/ApplicationServices.framework/Versions/A/Frameworks/ColorSyncLegacy.framework/Versions/A/ColorSyncLegacy
0x00000001bbd33000 	/System/Library/Frameworks/ApplicationServices.framework/Versions/A/Frameworks/SpeechSynthesis.framework/Versions/A/SpeechSynthesis
0x00000001bac1c000 	/System/Library/Frameworks/ApplicationServices.framework/Versions/A/Frameworks/ATSUI.framework/Versions/A/ATSUI
0x00000001bc05f000 	/usr/lib/libcups.2.dylib
0x00000001bc445000 	/System/Library/Frameworks/Kerberos.framework/Versions/A/Kerberos
0x00000001bc456000 	/System/Library/Frameworks/GSS.framework/Versions/A/GSS
0x00000001bbdb6000 	/usr/lib/libresolv.9.dylib
0x00000001ba2a1000 	/System/Library/PrivateFrameworks/Heimdal.framework/Versions/A/Heimdal
0x00000001c2daa000 	/System/Library/Frameworks/Kerberos.framework/Versions/A/Libraries/libHeimdalProxy.dylib
0x00000001b4eeb000 	/System/Library/Frameworks/Network.framework/Versions/A/Network
0x00000001b9cf1000 	/usr/lib/libheimdal-asn1.dylib
0x00000001bc49c000 	/System/Library/PrivateFrameworks/CommonAuth.framework/Versions/A/CommonAuth
0x00000001bbcad000 	/System/Library/PrivateFrameworks/AudioSession.framework/Versions/A/AudioSession
0x00000001b9d82000 	/System/Library/PrivateFrameworks/MediaExperience.framework/Versions/A/MediaExperience
0x00000001bbb35000 	/System/Library/PrivateFrameworks/AudioSession.framework/libSessionUtility.dylib
0x00000001bc0de000 	/System/Library/PrivateFrameworks/AudioResourceArbitration.framework/Versions/A/AudioResourceArbitration
0x00000001c01e9000 	/System/Library/PrivateFrameworks/PowerLog.framework/Versions/A/PowerLog
0x00000001b9cfa000 	/System/Library/PrivateFrameworks/IconFoundation.framework/Versions/A/IconFoundation
0x00000001bef97000 	/System/Library/PrivateFrameworks/SpeechRecognitionCore.framework/Versions/A/SpeechRecognitionCore
0x0000000101b70000 	/Library/Java/JavaVirtualMachines/jdk-17.0.1.jdk/Contents/Home/lib/server/libjvm.dylib
0x0000000100aa0000 	/Library/Java/JavaVirtualMachines/jdk-17.0.1.jdk/Contents/Home/lib/libjimage.dylib
0x0000000100acc000 	/Library/Java/JavaVirtualMachines/jdk-17.0.1.jdk/Contents/Home/lib/libinstrument.dylib
0x0000000100b18000 	/Library/Java/JavaVirtualMachines/jdk-17.0.1.jdk/Contents/Home/lib/libjava.dylib
0x0000000100b8c000 	/Library/Java/JavaVirtualMachines/jdk-17.0.1.jdk/Contents/Home/lib/libnio.dylib
0x0000000100bac000 	/Library/Java/JavaVirtualMachines/jdk-17.0.1.jdk/Contents/Home/lib/libnet.dylib
0x0000000100b00000 	/Library/Java/JavaVirtualMachines/jdk-17.0.1.jdk/Contents/Home/lib/libzip.dylib
0x0000000100c84000 	/Users/martin/.openjfx/cache/17.0.1/libprism_es2.dylib
0x00000001b103a000 	/System/Library/PrivateFrameworks/CoreServicesInternal.framework/Versions/A/CoreServicesInternal
0x000000020fc7c000 	/System/Library/Frameworks/OpenGL.framework/Versions/A/Resources/GLEngine.bundle/GLEngine
0x000000020fb03000 	/System/Library/Frameworks/OpenGL.framework/Versions/A/Libraries/libGLProgrammability.dylib
0x000000010fd00000 	/System/Library/Extensions/AppleMetalOpenGLRenderer.bundle/Contents/MacOS/AppleMetalOpenGLRenderer
0x000000020fdeb000 	/System/Library/Frameworks/OpenGL.framework/Versions/A/Resources/GLRendererFloat.bundle/GLRendererFloat
0x00000001f3c84000 	/System/Library/Extensions/AGXMetalG13X.bundle/Contents/MacOS/AGXMetalG13X
0x00000001ce15f000 	/System/Library/PrivateFrameworks/GPURawCounter.framework/Versions/A/GPURawCounter
0x00000001c8bed000 	/System/Library/PrivateFrameworks/IOGPU.framework/Versions/A/IOGPU
0x000000010ff00000 	/Users/martin/.openjfx/cache/17.0.1/libglass.dylib
0x00000001c043d000 	/System/Library/Frameworks/FileProvider.framework/Versions/A/FileProvider
0x00000001b4cb8000 	/System/Library/Frameworks/Accounts.framework/Versions/A/Accounts
0x00000001c05bd000 	/System/Library/PrivateFrameworks/GenerationalStorage.framework/Versions/A/GenerationalStorage
0x00000001c1173000 	/System/Library/PrivateFrameworks/CoreSymbolication.framework/Versions/A/CoreSymbolication
0x00000001c01dd000 	/System/Library/PrivateFrameworks/SymptomDiagnosticReporter.framework/Versions/A/SymptomDiagnosticReporter
0x00000001b2326000 	/System/Library/PrivateFrameworks/DesktopServicesPriv.framework/Versions/A/DesktopServicesPriv
0x00000001b119a000 	/usr/lib/libsandbox.1.dylib
0x00000001b5cd8000 	/System/Library/PrivateFrameworks/UserManagement.framework/Versions/A/UserManagement
0x00000001c1134000 	/System/Library/PrivateFrameworks/DebugSymbols.framework/Versions/A/DebugSymbols
0x00000001bc0bd000 	/System/Library/PrivateFrameworks/NetAuth.framework/Versions/A/NetAuth
0x00000001bcfc0000 	/System/Library/PrivateFrameworks/Sharing.framework/Versions/A/Sharing
0x00000001b5ca8000 	/System/Library/PrivateFrameworks/login.framework/Versions/A/Frameworks/loginsupport.framework/Versions/A/loginsupport
0x00000001c22ec000 	/System/Library/PrivateFrameworks/Apple80211.framework/Versions/A/Apple80211
0x00000001b8da7000 	/System/Library/PrivateFrameworks/AuthKit.framework/Versions/A/AuthKit
0x00000001b8435000 	/System/Library/PrivateFrameworks/CoreUtils.framework/Versions/A/CoreUtils
0x00000001b8355000 	/System/Library/Frameworks/CoreWLAN.framework/Versions/A/CoreWLAN
0x00000001bd12a000 	/System/Library/Frameworks/IOBluetooth.framework/Versions/A/IOBluetooth
0x00000001c234c000 	/System/Library/PrivateFrameworks/CoreWiFi.framework/Versions/A/CoreWiFi
0x00000001c0d1b000 	/System/Library/PrivateFrameworks/FrontBoardServices.framework/Versions/A/FrontBoardServices
0x00000001c0db3000 	/System/Library/PrivateFrameworks/BoardServices.framework/Versions/A/BoardServices
0x00000001b8650000 	/System/Library/PrivateFrameworks/AssertionServices.framework/Versions/A/AssertionServices
0x00000001c24ba000 	/System/Library/PrivateFrameworks/BackBoardServices.framework/Versions/A/BackBoardServices
0x00000001bc52f000 	/System/Library/PrivateFrameworks/CorePhoneNumbers.framework/Versions/A/CorePhoneNumbers
0x00000001c030d000 	/System/Library/PrivateFrameworks/DiskManagement.framework/Versions/A/DiskManagement
0x00000001c0210000 	/System/Library/PrivateFrameworks/AppleIDAuthSupport.framework/Versions/A/AppleIDAuthSupport
0x0000000213a8a000 	/System/Library/PrivateFrameworks/AAAFoundation.framework/Versions/A/AAAFoundation
0x00000001bc50e000 	/System/Library/PrivateFrameworks/KeychainCircle.framework/Versions/A/KeychainCircle
0x00000001c02d9000 	/System/Library/PrivateFrameworks/MediaKit.framework/Versions/A/MediaKit
0x00000001c021d000 	/System/Library/Frameworks/DiscRecording.framework/Versions/A/DiscRecording
0x00000001b9c06000 	/usr/lib/libCoreStorage.dylib
0x00000001c27b6000 	/usr/lib/libcsfde.dylib
0x00000001bd1ff000 	/System/Library/PrivateFrameworks/ProtectedCloudStorage.framework/Versions/A/ProtectedCloudStorage
0x00000001c27ae000 	/System/Library/PrivateFrameworks/EFILogin.framework/Versions/A/EFILogin
0x00000001c05e4000 	/System/Library/PrivateFrameworks/OctagonTrust.framework/Versions/A/OctagonTrust
0x00000002183b6000 	/System/Library/PrivateFrameworks/CoreUtilsExtras.framework/Versions/A/CoreUtilsExtras
0x00000001c0152000 	/System/Library/Frameworks/CoreBluetooth.framework/Versions/A/CoreBluetooth
0x00000001c2e2f000 	/System/Library/Frameworks/AudioUnit.framework/Versions/A/AudioUnit
0x00000001b9bfe000 	/usr/lib/libMatch.1.dylib
0x00000001d2455000 	/System/Library/Frameworks/Accelerate.framework/Versions/A/Frameworks/vImage.framework/Versions/A/Libraries/libCGInterfaces.dylib
0x00000001234cc000 	/usr/lib/libobjc-trampolines.dylib
0x00000001b59a5000 	/System/Library/PrivateFrameworks/ViewBridge.framework/Versions/A/ViewBridge
0x00000001b9ac5000 	/System/Library/PrivateFrameworks/CrashReporterSupport.framework/Versions/A/CrashReporterSupport
0x00000001d9e1e000 	/System/Library/PrivateFrameworks/OSAnalytics.framework/Versions/A/OSAnalytics
0x00000001e4e5f000 	/System/Library/PrivateFrameworks/Symbolication.framework/Versions/A/Symbolication
0x00000001ce120000 	/System/Library/PrivateFrameworks/MallocStackLogging.framework/Versions/A/MallocStackLogging
0x0000000127e9c000 	/Users/martin/.openjfx/cache/17.0.1/libjavafx_font.dylib
0x00000001ba34f000 	/System/Library/PrivateFrameworks/login.framework/Versions/A/login
0x000000022ba20000 	/usr/lib/libRosetta.dylib


VM Arguments:
jvm_args: -javaagent:/Applications/IntelliJ IDEA.app/Contents/lib/idea_rt.jar=57174:/Applications/IntelliJ IDEA.app/Contents/bin -Dfile.encoding=UTF-8 --module-path=/Users/martin/.m2/repository/org/openjfx/javafx-fxml/17.0.1/javafx-fxml-17.0.1-mac-aarch64.jar:/Users/martin/IdeaProjects/JabberMessenger/target/classes:/Users/martin/.m2/repository/org/openjfx/javafx-base/17.0.1/javafx-base-17.0.1-mac-aarch64.jar:/Users/martin/.m2/repository/org/openjfx/javafx-graphics/17.0.1/javafx-graphics-17.0.1-mac-aarch64.jar:/Users/martin/.m2/repository/org/openjfx/javafx-controls/17.0.1/javafx-controls-17.0.1-mac-aarch64.jar -Djdk.module.main=com.jabbermessenger 
java_command: com.jabbermessenger/com.jabbermessenger.Main
java_class_path (initial): /Users/martin/.m2/repository/org/openjfx/javafx-controls/17.0.1/javafx-controls-17.0.1.jar:/Users/martin/.m2/repository/org/openjfx/javafx-graphics/17.0.1/javafx-graphics-17.0.1.jar:/Users/martin/.m2/repository/org/openjfx/javafx-base/17.0.1/javafx-base-17.0.1.jar:/Users/martin/.m2/repository/org/openjfx/javafx-fxml/17.0.1/javafx-fxml-17.0.1.jar
Launcher Type: SUN_STANDARD

[Global flags]
     intx CICompilerCount                          = 4                                         {product} {ergonomic}
     uint ConcGCThreads                            = 2                                         {product} {ergonomic}
     uint G1ConcRefinementThreads                  = 9                                         {product} {ergonomic}
   size_t G1HeapRegionSize                         = 2097152                                   {product} {ergonomic}
    uintx GCDrainStackTargetSize                   = 64                                        {product} {ergonomic}
   size_t InitialHeapSize                          = 268435456                                 {product} {ergonomic}
   size_t MarkStackSize                            = 4194304                                   {product} {ergonomic}
   size_t MaxHeapSize                              = 4294967296                                {product} {ergonomic}
   size_t MaxNewSize                               = 2575302656                                {product} {ergonomic}
   size_t MinHeapDeltaBytes                        = 2097152                                   {product} {ergonomic}
   size_t MinHeapSize                              = 8388608                                   {product} {ergonomic}
    uintx NonNMethodCodeHeapSize                   = 5839564                                {pd product} {ergonomic}
    uintx NonProfiledCodeHeapSize                  = 122909338                              {pd product} {ergonomic}
    uintx ProfiledCodeHeapSize                     = 122909338                              {pd product} {ergonomic}
    uintx ReservedCodeCacheSize                    = 251658240                              {pd product} {ergonomic}
     bool SegmentedCodeCache                       = true                                      {product} {ergonomic}
   size_t SoftMaxHeapSize                          = 4294967296                             {manageable} {ergonomic}
     bool UseCompressedClassPointers               = true                           {product lp64_product} {ergonomic}
     bool UseCompressedOops                        = true                           {product lp64_product} {ergonomic}
     bool UseG1GC                                  = true                                      {product} {ergonomic}
     bool UseNUMA                                  = false                                     {product} {ergonomic}
     bool UseNUMAInterleaving                      = false                                     {product} {ergonomic}

Logging:
Log output configuration:
 #0: stdout all=warning uptime,level,tags
 #1: stderr all=off uptime,level,tags

Environment Variables:
JAVA_HOME=/Library/Java/JavaVirtualMachines/jdk-17.0.1.jdk/Contents/Home
PATH=/Users/martin/opt/anaconda3/bin:/Users/martin/opt/anaconda3/condabin:/opt/homebrew/bin:/opt/homebrew/sbin:/usr/local/bin:/usr/bin:/bin:/usr/sbin:/sbin:/Users/martin/.cargo/bin
SHELL=/bin/zsh
LC_CTYPE=en_GB.UTF-8

Signal Handlers:
   SIGSEGV: _ZL13crash_handleriP9__siginfoPv in libjvm.dylib, mask=11100110000111110111111111111111, flags=SA_RESTART|SA_SIGINFO
    SIGBUS: _ZL13crash_handleriP9__siginfoPv in libjvm.dylib, mask=11100110000111110111111111111111, flags=SA_RESTART|SA_SIGINFO
    SIGFPE: _ZL13crash_handleriP9__siginfoPv in libjvm.dylib, mask=11100110000111110111111111111111, flags=SA_RESTART|SA_SIGINFO
   SIGPIPE: _ZL17javaSignalHandleriP9__siginfoPv in libjvm.dylib, mask=11100110000111110111111111111111, flags=SA_RESTART|SA_SIGINFO
   SIGXFSZ: _ZL17javaSignalHandleriP9__siginfoPv in libjvm.dylib, mask=11100110000111110111111111111111, flags=SA_RESTART|SA_SIGINFO
    SIGILL: _ZL13crash_handleriP9__siginfoPv in libjvm.dylib, mask=11100110000111110111111111111111, flags=SA_RESTART|SA_SIGINFO
   SIGUSR2: _ZL10SR_handleriP9__siginfoP17__darwin_ucontext in libjvm.dylib, mask=00100000000000000000000000000000, flags=SA_RESTART|SA_SIGINFO
    SIGHUP: _ZL11UserHandleriPvS_ in libjvm.dylib, mask=11100110000111110111111111111111, flags=SA_RESTART|SA_SIGINFO
    SIGINT: _ZL11UserHandleriPvS_ in libjvm.dylib, mask=11100110000111110111111111111111, flags=SA_RESTART|SA_SIGINFO
   SIGTERM: _ZL11UserHandleriPvS_ in libjvm.dylib, mask=11100110000111110111111111111111, flags=SA_RESTART|SA_SIGINFO
   SIGQUIT: _ZL11UserHandleriPvS_ in libjvm.dylib, mask=11100110000111110111111111111111, flags=SA_RESTART|SA_SIGINFO
   SIGTRAP: _ZL13crash_handleriP9__siginfoPv in libjvm.dylib, mask=11100110000111110111111111111111, flags=SA_RESTART|SA_SIGINFO


---------------  S Y S T E M  ---------------

OS:
uname: Darwin 21.3.0 Darwin Kernel Version 21.3.0: Wed Jan  5 21:37:58 PST 2022; root:xnu-8019.80.24~20/RELEASE_ARM64_T6000 arm64
OS uptime: 6 days 19:05 hours
rlimit (soft/hard): STACK 8176k/65520k , CORE 0k/infinity , NPROC 2666/4000 , NOFILE 10240/infinity , AS infinity/infinity , CPU infinity/infinity , DATA infinity/infinity , FSIZE infinity/infinity , MEMLOCK infinity/infinity , RSS infinity/infinity
load average: 1.44 1.82 1.77

CPU: total 10 (initial active 10) 0x61:0x0:0x1b588bb3:0, fp, simd, crc, lse

Memory: 16k page, physical 16777216k(78464k free), swap 1048576k(1030144k free)

vm_info: Java HotSpot(TM) 64-Bit Server VM (17.0.1+12-LTS-39) for bsd-aarch64 JRE (17.0.1+12-LTS-39), built on Sep 27 2021 17:38:30 by "mach5one" with clang Apple LLVM 12.0.0 (clang-1200.0.32.29)

END.
